<?xml version="1.0" encoding="UTF-8"?>
<testsuite xmlns:xsi="http://www.w3.org/2001/XMLSchema-instance" xsi:noNamespaceSchemaLocation="https://maven.apache.org/surefire/maven-surefire-plugin/xsd/surefire-test-report-3.0.xsd" version="3.0" name="main.selenium.LoginSeleniumTest" time="38.965" tests="3" errors="0" skipped="0" failures="0">
  <properties>
[...]
</properties>
  <testcase name="loginWithEmptyFields_shouldFail" classname="main.selenium.LoginSeleniumTest" time="0.216">
    <system-out><![CDATA[11:03:23.350 [main] DEBUG io.github.bonigarcia.wdm.WebDriverManager - Using WebDriverManager 5.7.0
11:03:23.399 [main] DEBUG io.github.bonigarcia.wdm.cache.ResolutionCache - Resolution chrome=143 in cache (valid until 11:54:17 13/01/2026 TRT)
11:03:23.402 [main] DEBUG io.github.bonigarcia.wdm.cache.ResolutionCache - Resolution chrome143=143.0.7499.192 in cache (valid until 10:54:17 14/01/2026 TRT)
11:03:23.403 [main] INFO io.github.bonigarcia.wdm.WebDriverManager - Using chromedriver 143.0.7499.192 (resolved driver for Chrome 143)
11:03:23.423 [main] DEBUG io.github.bonigarcia.wdm.WebDriverManager - Driver chromedriver 143.0.7499.192 found in cache
11:03:23.424 [main] INFO io.github.bonigarcia.wdm.WebDriverManager - Exporting webdriver.chrome.driver as C:\Users\lenovo\.cache\selenium\chromedriver\win64\143.0.7499.192\chromedriver.exe
11:03:23.621 [AsyncHttpClient-1-5] DEBUG org.asynchttpclient.netty.channel.NettyConnectListener - Using new Channel '[id: 0x5f62267d, L:/127.0.0.1:54855 - R:localhost/127.0.0.1:50201]' for 'POST' to '/session'
11:03:24.405 [AsyncHttpClient-1-1] DEBUG org.asynchttpclient.netty.channel.DefaultChannelPool - Entry count for : http://localhost:59471 : 1
11:03:24.405 [AsyncHttpClient-1-1] DEBUG org.asynchttpclient.netty.channel.DefaultChannelPool - Entry count for : http://localhost:54831 : 1
11:03:24.446 [AsyncHttpClient-1-5] DEBUG org.asynchttpclient.netty.handler.HttpHandler - 

Request DefaultHttpRequest(decodeResult: success, version: HTTP/1.1)
POST /session HTTP/1.1
User-Agent: selenium/4.1.4 (java windows)
Content-Length: 931
Content-Type: application/json; charset=utf-8
host: localhost:50201
accept: */*

Response DefaultHttpResponse(decodeResult: success, version: HTTP/1.1)
HTTP/1.1 200 OK
Content-Length: 906
Content-Type: application/json; charset=utf-8
cache-control: no-cache

11:03:24.447 [AsyncHttpClient-1-5] DEBUG org.asynchttpclient.netty.channel.ChannelManager - Adding key: http://localhost:50201 for channel [id: 0x5f62267d, L:/127.0.0.1:54855 - R:localhost/127.0.0.1:50201]
11:03:24.464 [AsyncHttpClient-1-6] DEBUG org.asynchttpclient.netty.channel.NettyConnectListener - Using new Channel '[id: 0x3642c84f, L:/127.0.0.1:54864 - R:localhost/127.0.0.1:54856]' for 'GET' to '/json/version'
11:03:24.469 [AsyncHttpClient-1-6] DEBUG org.asynchttpclient.netty.handler.HttpHandler - 

Request DefaultFullHttpRequest(decodeResult: success, version: HTTP/1.1, content: EmptyByteBufBE)
GET /json/version HTTP/1.1
User-Agent: selenium/4.1.4 (java windows)
host: localhost:54856
accept: */*

Response DefaultHttpResponse(decodeResult: success, version: HTTP/1.1)
HTTP/1.1 200 OK
Content-Security-Policy: frame-ancestors 'none'
Content-Length: 424
Content-Type: application/json; charset=UTF-8

11:03:24.469 [AsyncHttpClient-1-6] DEBUG org.asynchttpclient.netty.channel.ChannelManager - Adding key: http://localhost:54856 for channel [id: 0x3642c84f, L:/127.0.0.1:54864 - R:localhost/127.0.0.1:54856]
11:03:24.472 [AsyncHttpClient-1-7] DEBUG org.asynchttpclient.netty.channel.NettyConnectListener - Using new Channel '[id: 0xcdf41fa2, L:/127.0.0.1:54865 - R:localhost/127.0.0.1:54856]' for 'GET' to '/devtools/browser/88c14f50-6a14-4fc4-b1d7-92db1e182c57'
11:03:24.476 [AsyncHttpClient-1-7] DEBUG org.asynchttpclient.netty.handler.WebSocketHandler - 

Request DefaultFullHttpRequest(decodeResult: success, version: HTTP/1.1, content: EmptyByteBufBE)
GET /devtools/browser/88c14f50-6a14-4fc4-b1d7-92db1e182c57 HTTP/1.1
upgrade: websocket
connection: upgrade
sec-websocket-key: Q7N+rA962B7FJMSRxDuWSA==
sec-websocket-version: 13
origin: http://localhost:54856
host: localhost:54856
accept: */*
user-agent: AHC/2.1

Response DefaultHttpResponse(decodeResult: success, version: HTTP/1.1)
HTTP/1.1 101 WebSocket Protocol Handshake
Upgrade: WebSocket
Connection: Upgrade
Sec-WebSocket-Accept: owuK4JjxjxMoWCxB0s0FKfeXxIo=

11:03:25.505 [AsyncHttpClient-1-1] DEBUG org.asynchttpclient.netty.channel.DefaultChannelPool - Entry count for : http://localhost:54856 : 1
11:03:25.505 [AsyncHttpClient-1-1] DEBUG org.asynchttpclient.netty.channel.DefaultChannelPool - Entry count for : http://localhost:59471 : 1
11:03:25.505 [AsyncHttpClient-1-1] DEBUG org.asynchttpclient.netty.channel.DefaultChannelPool - Entry count for : http://localhost:54831 : 1
11:03:25.505 [AsyncHttpClient-1-1] DEBUG org.asynchttpclient.netty.channel.DefaultChannelPool - Entry count for : http://localhost:50201 : 1
11:03:26.487 [Forwarding get on session 3713ad5adecc482a35918837e826012d to remote] DEBUG org.asynchttpclient.netty.request.NettyRequestSender - Using pooled Channel '[id: 0x5f62267d, L:/127.0.0.1:54855 - R:localhost/127.0.0.1:50201]' for 'POST' to 'http://localhost:50201/session/3713ad5adecc482a35918837e826012d/url'
11:03:26.487 [Forwarding get on session 3713ad5adecc482a35918837e826012d to remote] DEBUG org.asynchttpclient.netty.request.NettyRequestSender - Using open Channel [id: 0x5f62267d, L:/127.0.0.1:54855 - R:localhost/127.0.0.1:50201] for POST '/session/3713ad5adecc482a35918837e826012d/url'
11:03:26.561 [AsyncHttpClient-1-5] DEBUG org.asynchttpclient.netty.handler.HttpHandler - 

Request DefaultHttpRequest(decodeResult: success, version: HTTP/1.1)
POST /session/3713ad5adecc482a35918837e826012d/url HTTP/1.1
User-Agent: selenium/4.1.4 (java windows)
Content-Length: 62
Content-Type: application/json; charset=utf-8
host: localhost:50201
accept: */*

Response DefaultHttpResponse(decodeResult: success, version: HTTP/1.1)
HTTP/1.1 200 OK
Content-Length: 14
Content-Type: application/json; charset=utf-8
cache-control: no-cache

11:03:26.562 [AsyncHttpClient-1-5] DEBUG org.asynchttpclient.netty.channel.ChannelManager - Adding key: http://localhost:50201 for channel [id: 0x5f62267d, L:/127.0.0.1:54855 - R:localhost/127.0.0.1:50201]
11:03:26.572 [Forwarding findElement on session 3713ad5adecc482a35918837e826012d to remote] DEBUG org.asynchttpclient.netty.request.NettyRequestSender - Using pooled Channel '[id: 0x5f62267d, L:/127.0.0.1:54855 - R:localhost/127.0.0.1:50201]' for 'POST' to 'http://localhost:50201/session/3713ad5adecc482a35918837e826012d/element'
11:03:26.572 [Forwarding findElement on session 3713ad5adecc482a35918837e826012d to remote] DEBUG org.asynchttpclient.netty.request.NettyRequestSender - Using open Channel [id: 0x5f62267d, L:/127.0.0.1:54855 - R:localhost/127.0.0.1:50201] for POST '/session/3713ad5adecc482a35918837e826012d/element'
11:03:26.591 [AsyncHttpClient-1-5] DEBUG org.asynchttpclient.netty.handler.HttpHandler - 

Request DefaultHttpRequest(decodeResult: success, version: HTTP/1.1)
POST /session/3713ad5adecc482a35918837e826012d/element HTTP/1.1
User-Agent: selenium/4.1.4 (java windows)
Content-Length: 53
Content-Type: application/json; charset=utf-8
host: localhost:50201
accept: */*

Response DefaultHttpResponse(decodeResult: success, version: HTTP/1.1)
HTTP/1.1 200 OK
Content-Length: 125
Content-Type: application/json; charset=utf-8
cache-control: no-cache

11:03:26.591 [AsyncHttpClient-1-5] DEBUG org.asynchttpclient.netty.channel.ChannelManager - Adding key: http://localhost:50201 for channel [id: 0x5f62267d, L:/127.0.0.1:54855 - R:localhost/127.0.0.1:50201]
11:03:26.597 [Forwarding clickElement on session 3713ad5adecc482a35918837e826012d to remote] DEBUG org.asynchttpclient.netty.request.NettyRequestSender - Using pooled Channel '[id: 0x5f62267d, L:/127.0.0.1:54855 - R:localhost/127.0.0.1:50201]' for 'POST' to 'http://localhost:50201/session/3713ad5adecc482a35918837e826012d/element/f.1B85319A0D41C9C1D5ACB9C20EA57B5C.d.57522F8D10B3F95C2A26AC6CBAF93847.e.4/click'
11:03:26.597 [Forwarding clickElement on session 3713ad5adecc482a35918837e826012d to remote] DEBUG org.asynchttpclient.netty.request.NettyRequestSender - Using open Channel [id: 0x5f62267d, L:/127.0.0.1:54855 - R:localhost/127.0.0.1:50201] for POST '/session/3713ad5adecc482a35918837e826012d/element/f.1B85319A0D41C9C1D5ACB9C20EA57B5C.d.57522F8D10B3F95C2A26AC6CBAF93847.e.4/click'
11:03:26.605 [AsyncHttpClient-1-1] DEBUG org.asynchttpclient.netty.channel.DefaultChannelPool - Entry count for : http://localhost:54856 : 1
11:03:26.605 [AsyncHttpClient-1-1] DEBUG org.asynchttpclient.netty.channel.DefaultChannelPool - Entry count for : http://localhost:59471 : 1
11:03:26.605 [AsyncHttpClient-1-1] DEBUG org.asynchttpclient.netty.channel.DefaultChannelPool - Entry count for : http://localhost:54831 : 1
11:03:26.668 [AsyncHttpClient-1-5] DEBUG org.asynchttpclient.netty.handler.HttpHandler - 

Request DefaultHttpRequest(decodeResult: success, version: HTTP/1.1)
POST /session/3713ad5adecc482a35918837e826012d/element/f.1B85319A0D41C9C1D5ACB9C20EA57B5C.d.57522F8D10B3F95C2A26AC6CBAF93847.e.4/click HTTP/1.1
User-Agent: selenium/4.1.4 (java windows)
Content-Length: 87
Content-Type: application/json; charset=utf-8
host: localhost:50201
accept: */*

Response DefaultHttpResponse(decodeResult: success, version: HTTP/1.1)
HTTP/1.1 200 OK
Content-Length: 14
Content-Type: application/json; charset=utf-8
cache-control: no-cache

11:03:26.668 [AsyncHttpClient-1-5] DEBUG org.asynchttpclient.netty.channel.ChannelManager - Adding key: http://localhost:50201 for channel [id: 0x5f62267d, L:/127.0.0.1:54855 - R:localhost/127.0.0.1:50201]
11:03:26.671 [Forwarding getPageSource on session 3713ad5adecc482a35918837e826012d to remote] DEBUG org.asynchttpclient.netty.request.NettyRequestSender - Using pooled Channel '[id: 0x5f62267d, L:/127.0.0.1:54855 - R:localhost/127.0.0.1:50201]' for 'POST' to 'http://localhost:50201/session/3713ad5adecc482a35918837e826012d/execute/sync'
11:03:26.672 [Forwarding getPageSource on session 3713ad5adecc482a35918837e826012d to remote] DEBUG org.asynchttpclient.netty.request.NettyRequestSender - Using open Channel [id: 0x5f62267d, L:/127.0.0.1:54855 - R:localhost/127.0.0.1:50201] for POST '/session/3713ad5adecc482a35918837e826012d/execute/sync'
11:03:26.697 [AsyncHttpClient-1-5] DEBUG org.asynchttpclient.netty.handler.HttpHandler - 

Request DefaultHttpRequest(decodeResult: success, version: HTTP/1.1)
POST /session/3713ad5adecc482a35918837e826012d/execute/sync HTTP/1.1
User-Agent: selenium/4.1.4 (java windows)
Content-Length: 176
Content-Type: application/json; charset=utf-8
host: localhost:50201
accept: */*

Response DefaultHttpResponse(decodeResult: success, version: HTTP/1.1)
HTTP/1.1 200 OK
Content-Length: 1421
Content-Type: application/json; charset=utf-8
cache-control: no-cache

11:03:26.698 [AsyncHttpClient-1-5] DEBUG org.asynchttpclient.netty.channel.ChannelManager - Adding key: http://localhost:50201 for channel [id: 0x5f62267d, L:/127.0.0.1:54855 - R:localhost/127.0.0.1:50201]
]]></system-out>
    <system-err><![CDATA[Starting ChromeDriver 143.0.7499.192 (be2c1f4fd451578a9ada68a0ac12d659362b44bf-refs/branch-heads/7499@{#4083}) on port 50201
Only local connections are allowed.
Please see https://chromedriver.chromium.org/security-considerations for suggestions on keeping ChromeDriver safe.
ChromeDriver was started successfully on port 50201.
Oca 13, 2026 11:03:24 ÖÖ org.openqa.selenium.remote.ProtocolHandshake createSession
INFO: Detected dialect: W3C
Oca 13, 2026 11:03:24 ÖÖ org.openqa.selenium.devtools.CdpVersionFinder findNearestMatch
WARNING: Unable to find an exact match for CDP version 143, so returning the closest version found: a no-op implementation
Oca 13, 2026 11:03:24 ÖÖ org.openqa.selenium.devtools.CdpVersionFinder findNearestMatch
INFO: Unable to find CDP implementation matching 143.
Oca 13, 2026 11:03:24 ÖÖ org.openqa.selenium.chromium.ChromiumDriver lambda$new$3
WARNING: Unable to find version of CDP to use for . You may need to include a dependency on a specific version of the CDP using something similar to `org.seleniumhq.selenium:selenium-devtools-v86:4.1.4` where the version ("v86") matches the version of the chromium-based browser you're using and the version number of the artifact is the same as Selenium's.
]]></system-err>
  </testcase>
  <testcase name="loginWithWrongPassword_shouldFail" classname="main.selenium.LoginSeleniumTest" time="1.335">
    <system-out><![CDATA[11:03:27.064 [main] DEBUG org.springframework.web.client.RestTemplate - HTTP POST http://localhost:8081/user/signUp
11:03:27.068 [main] DEBUG org.springframework.web.client.RestTemplate - Accept=[text/plain, application/json, application/*+json, */*]
11:03:27.073 [main] DEBUG org.springframework.web.client.RestTemplate - Writing [userName=wrongPassUser2&password=1234] as "application/x-www-form-urlencoded"
11:03:27.090 [main] DEBUG org.springframework.web.client.RestTemplate - Response 200 OK
11:03:27.092 [main] DEBUG org.springframework.web.client.RestTemplate - Reading to [java.lang.String] as "text/plain;charset=UTF-8"
11:03:27.098 [Forwarding get on session 3713ad5adecc482a35918837e826012d to remote] DEBUG org.asynchttpclient.netty.request.NettyRequestSender - Using pooled Channel '[id: 0x5f62267d, L:/127.0.0.1:54855 - R:localhost/127.0.0.1:50201]' for 'POST' to 'http://localhost:50201/session/3713ad5adecc482a35918837e826012d/url'
11:03:27.098 [Forwarding get on session 3713ad5adecc482a35918837e826012d to remote] DEBUG org.asynchttpclient.netty.request.NettyRequestSender - Using open Channel [id: 0x5f62267d, L:/127.0.0.1:54855 - R:localhost/127.0.0.1:50201] for POST '/session/3713ad5adecc482a35918837e826012d/url'
11:03:27.175 [AsyncHttpClient-1-5] DEBUG org.asynchttpclient.netty.handler.HttpHandler - 

Request DefaultHttpRequest(decodeResult: success, version: HTTP/1.1)
POST /session/3713ad5adecc482a35918837e826012d/url HTTP/1.1
User-Agent: selenium/4.1.4 (java windows)
Content-Length: 62
Content-Type: application/json; charset=utf-8
host: localhost:50201
accept: */*

Response DefaultHttpResponse(decodeResult: success, version: HTTP/1.1)
HTTP/1.1 200 OK
Content-Length: 14
Content-Type: application/json; charset=utf-8
cache-control: no-cache

11:03:27.175 [AsyncHttpClient-1-5] DEBUG org.asynchttpclient.netty.channel.ChannelManager - Adding key: http://localhost:50201 for channel [id: 0x5f62267d, L:/127.0.0.1:54855 - R:localhost/127.0.0.1:50201]
11:03:27.181 [Forwarding findElement on session 3713ad5adecc482a35918837e826012d to remote] DEBUG org.asynchttpclient.netty.request.NettyRequestSender - Using pooled Channel '[id: 0x5f62267d, L:/127.0.0.1:54855 - R:localhost/127.0.0.1:50201]' for 'POST' to 'http://localhost:50201/session/3713ad5adecc482a35918837e826012d/element'
11:03:27.181 [Forwarding findElement on session 3713ad5adecc482a35918837e826012d to remote] DEBUG org.asynchttpclient.netty.request.NettyRequestSender - Using open Channel [id: 0x5f62267d, L:/127.0.0.1:54855 - R:localhost/127.0.0.1:50201] for POST '/session/3713ad5adecc482a35918837e826012d/element'
11:03:27.203 [AsyncHttpClient-1-5] DEBUG org.asynchttpclient.netty.handler.HttpHandler - 

Request DefaultHttpRequest(decodeResult: success, version: HTTP/1.1)
POST /session/3713ad5adecc482a35918837e826012d/element HTTP/1.1
User-Agent: selenium/4.1.4 (java windows)
Content-Length: 53
Content-Type: application/json; charset=utf-8
host: localhost:50201
accept: */*

Response DefaultHttpResponse(decodeResult: success, version: HTTP/1.1)
HTTP/1.1 200 OK
Content-Length: 125
Content-Type: application/json; charset=utf-8
cache-control: no-cache

11:03:27.203 [AsyncHttpClient-1-5] DEBUG org.asynchttpclient.netty.channel.ChannelManager - Adding key: http://localhost:50201 for channel [id: 0x5f62267d, L:/127.0.0.1:54855 - R:localhost/127.0.0.1:50201]
11:03:27.208 [Forwarding sendKeysToElement on session 3713ad5adecc482a35918837e826012d to remote] DEBUG org.asynchttpclient.netty.request.NettyRequestSender - Using pooled Channel '[id: 0x5f62267d, L:/127.0.0.1:54855 - R:localhost/127.0.0.1:50201]' for 'POST' to 'http://localhost:50201/session/3713ad5adecc482a35918837e826012d/element/f.1B85319A0D41C9C1D5ACB9C20EA57B5C.d.A5096E0CFF5C103D3597FA69C585C54E.e.8/value'
11:03:27.209 [Forwarding sendKeysToElement on session 3713ad5adecc482a35918837e826012d to remote] DEBUG org.asynchttpclient.netty.request.NettyRequestSender - Using open Channel [id: 0x5f62267d, L:/127.0.0.1:54855 - R:localhost/127.0.0.1:50201] for POST '/session/3713ad5adecc482a35918837e826012d/element/f.1B85319A0D41C9C1D5ACB9C20EA57B5C.d.A5096E0CFF5C103D3597FA69C585C54E.e.8/value'
11:03:27.369 [AsyncHttpClient-1-5] DEBUG org.asynchttpclient.netty.handler.HttpHandler - 

Request DefaultHttpRequest(decodeResult: success, version: HTTP/1.1)
POST /session/3713ad5adecc482a35918837e826012d/element/f.1B85319A0D41C9C1D5ACB9C20EA57B5C.d.A5096E0CFF5C103D3597FA69C585C54E.e.8/value HTTP/1.1
User-Agent: selenium/4.1.4 (java windows)
Content-Length: 258
Content-Type: application/json; charset=utf-8
host: localhost:50201
accept: */*

Response DefaultHttpResponse(decodeResult: success, version: HTTP/1.1)
HTTP/1.1 200 OK
Content-Length: 14
Content-Type: application/json; charset=utf-8
cache-control: no-cache

11:03:27.369 [AsyncHttpClient-1-5] DEBUG org.asynchttpclient.netty.channel.ChannelManager - Adding key: http://localhost:50201 for channel [id: 0x5f62267d, L:/127.0.0.1:54855 - R:localhost/127.0.0.1:50201]
11:03:27.371 [Forwarding findElement on session 3713ad5adecc482a35918837e826012d to remote] DEBUG org.asynchttpclient.netty.request.NettyRequestSender - Using pooled Channel '[id: 0x5f62267d, L:/127.0.0.1:54855 - R:localhost/127.0.0.1:50201]' for 'POST' to 'http://localhost:50201/session/3713ad5adecc482a35918837e826012d/element'
11:03:27.371 [Forwarding findElement on session 3713ad5adecc482a35918837e826012d to remote] DEBUG org.asynchttpclient.netty.request.NettyRequestSender - Using open Channel [id: 0x5f62267d, L:/127.0.0.1:54855 - R:localhost/127.0.0.1:50201] for POST '/session/3713ad5adecc482a35918837e826012d/element'
11:03:27.386 [AsyncHttpClient-1-5] DEBUG org.asynchttpclient.netty.handler.HttpHandler - 

Request DefaultHttpRequest(decodeResult: success, version: HTTP/1.1)
POST /session/3713ad5adecc482a35918837e826012d/element HTTP/1.1
User-Agent: selenium/4.1.4 (java windows)
Content-Length: 53
Content-Type: application/json; charset=utf-8
host: localhost:50201
accept: */*

Response DefaultHttpResponse(decodeResult: success, version: HTTP/1.1)
HTTP/1.1 200 OK
Content-Length: 125
Content-Type: application/json; charset=utf-8
cache-control: no-cache

11:03:27.386 [AsyncHttpClient-1-5] DEBUG org.asynchttpclient.netty.channel.ChannelManager - Adding key: http://localhost:50201 for channel [id: 0x5f62267d, L:/127.0.0.1:54855 - R:localhost/127.0.0.1:50201]
11:03:27.388 [Forwarding sendKeysToElement on session 3713ad5adecc482a35918837e826012d to remote] DEBUG org.asynchttpclient.netty.request.NettyRequestSender - Using pooled Channel '[id: 0x5f62267d, L:/127.0.0.1:54855 - R:localhost/127.0.0.1:50201]' for 'POST' to 'http://localhost:50201/session/3713ad5adecc482a35918837e826012d/element/f.1B85319A0D41C9C1D5ACB9C20EA57B5C.d.A5096E0CFF5C103D3597FA69C585C54E.e.9/value'
11:03:27.388 [Forwarding sendKeysToElement on session 3713ad5adecc482a35918837e826012d to remote] DEBUG org.asynchttpclient.netty.request.NettyRequestSender - Using open Channel [id: 0x5f62267d, L:/127.0.0.1:54855 - R:localhost/127.0.0.1:50201] for POST '/session/3713ad5adecc482a35918837e826012d/element/f.1B85319A0D41C9C1D5ACB9C20EA57B5C.d.A5096E0CFF5C103D3597FA69C585C54E.e.9/value'
11:03:27.457 [AsyncHttpClient-1-5] DEBUG org.asynchttpclient.netty.handler.HttpHandler - 

Request DefaultHttpRequest(decodeResult: success, version: HTTP/1.1)
POST /session/3713ad5adecc482a35918837e826012d/element/f.1B85319A0D41C9C1D5ACB9C20EA57B5C.d.A5096E0CFF5C103D3597FA69C585C54E.e.9/value HTTP/1.1
User-Agent: selenium/4.1.4 (java windows)
Content-Length: 158
Content-Type: application/json; charset=utf-8
host: localhost:50201
accept: */*

Response DefaultHttpResponse(decodeResult: success, version: HTTP/1.1)
HTTP/1.1 200 OK
Content-Length: 14
Content-Type: application/json; charset=utf-8
cache-control: no-cache

11:03:27.457 [AsyncHttpClient-1-5] DEBUG org.asynchttpclient.netty.channel.ChannelManager - Adding key: http://localhost:50201 for channel [id: 0x5f62267d, L:/127.0.0.1:54855 - R:localhost/127.0.0.1:50201]
11:03:27.459 [Forwarding findElement on session 3713ad5adecc482a35918837e826012d to remote] DEBUG org.asynchttpclient.netty.request.NettyRequestSender - Using pooled Channel '[id: 0x5f62267d, L:/127.0.0.1:54855 - R:localhost/127.0.0.1:50201]' for 'POST' to 'http://localhost:50201/session/3713ad5adecc482a35918837e826012d/element'
11:03:27.459 [Forwarding findElement on session 3713ad5adecc482a35918837e826012d to remote] DEBUG org.asynchttpclient.netty.request.NettyRequestSender - Using open Channel [id: 0x5f62267d, L:/127.0.0.1:54855 - R:localhost/127.0.0.1:50201] for POST '/session/3713ad5adecc482a35918837e826012d/element'
11:03:27.468 [AsyncHttpClient-1-5] DEBUG org.asynchttpclient.netty.handler.HttpHandler - 

Request DefaultHttpRequest(decodeResult: success, version: HTTP/1.1)
POST /session/3713ad5adecc482a35918837e826012d/element HTTP/1.1
User-Agent: selenium/4.1.4 (java windows)
Content-Length: 53
Content-Type: application/json; charset=utf-8
host: localhost:50201
accept: */*

Response DefaultHttpResponse(decodeResult: success, version: HTTP/1.1)
HTTP/1.1 200 OK
Content-Length: 126
Content-Type: application/json; charset=utf-8
cache-control: no-cache

11:03:27.468 [AsyncHttpClient-1-5] DEBUG org.asynchttpclient.netty.channel.ChannelManager - Adding key: http://localhost:50201 for channel [id: 0x5f62267d, L:/127.0.0.1:54855 - R:localhost/127.0.0.1:50201]
11:03:27.469 [Forwarding clickElement on session 3713ad5adecc482a35918837e826012d to remote] DEBUG org.asynchttpclient.netty.request.NettyRequestSender - Using pooled Channel '[id: 0x5f62267d, L:/127.0.0.1:54855 - R:localhost/127.0.0.1:50201]' for 'POST' to 'http://localhost:50201/session/3713ad5adecc482a35918837e826012d/element/f.1B85319A0D41C9C1D5ACB9C20EA57B5C.d.A5096E0CFF5C103D3597FA69C585C54E.e.10/click'
11:03:27.470 [Forwarding clickElement on session 3713ad5adecc482a35918837e826012d to remote] DEBUG org.asynchttpclient.netty.request.NettyRequestSender - Using open Channel [id: 0x5f62267d, L:/127.0.0.1:54855 - R:localhost/127.0.0.1:50201] for POST '/session/3713ad5adecc482a35918837e826012d/element/f.1B85319A0D41C9C1D5ACB9C20EA57B5C.d.A5096E0CFF5C103D3597FA69C585C54E.e.10/click'
11:03:27.526 [AsyncHttpClient-1-5] DEBUG org.asynchttpclient.netty.handler.HttpHandler - 

Request DefaultHttpRequest(decodeResult: success, version: HTTP/1.1)
POST /session/3713ad5adecc482a35918837e826012d/element/f.1B85319A0D41C9C1D5ACB9C20EA57B5C.d.A5096E0CFF5C103D3597FA69C585C54E.e.10/click HTTP/1.1
User-Agent: selenium/4.1.4 (java windows)
Content-Length: 88
Content-Type: application/json; charset=utf-8
host: localhost:50201
accept: */*

Response DefaultHttpResponse(decodeResult: success, version: HTTP/1.1)
HTTP/1.1 200 OK
Content-Length: 14
Content-Type: application/json; charset=utf-8
cache-control: no-cache

11:03:27.526 [AsyncHttpClient-1-5] DEBUG org.asynchttpclient.netty.channel.ChannelManager - Adding key: http://localhost:50201 for channel [id: 0x5f62267d, L:/127.0.0.1:54855 - R:localhost/127.0.0.1:50201]
11:03:27.705 [AsyncHttpClient-1-1] DEBUG org.asynchttpclient.netty.channel.DefaultChannelPool - Entry count for : http://localhost:54856 : 1
11:03:27.705 [AsyncHttpClient-1-1] DEBUG org.asynchttpclient.netty.channel.DefaultChannelPool - Entry count for : http://localhost:59471 : 1
11:03:27.705 [AsyncHttpClient-1-1] DEBUG org.asynchttpclient.netty.channel.DefaultChannelPool - Entry count for : http://localhost:54831 : 1
11:03:27.705 [AsyncHttpClient-1-1] DEBUG org.asynchttpclient.netty.channel.DefaultChannelPool - Entry count for : http://localhost:50201 : 1
11:03:28.029 [Forwarding getPageSource on session 3713ad5adecc482a35918837e826012d to remote] DEBUG org.asynchttpclient.netty.request.NettyRequestSender - Using pooled Channel '[id: 0x5f62267d, L:/127.0.0.1:54855 - R:localhost/127.0.0.1:50201]' for 'POST' to 'http://localhost:50201/session/3713ad5adecc482a35918837e826012d/execute/sync'
11:03:28.029 [Forwarding getPageSource on session 3713ad5adecc482a35918837e826012d to remote] DEBUG org.asynchttpclient.netty.request.NettyRequestSender - Using open Channel [id: 0x5f62267d, L:/127.0.0.1:54855 - R:localhost/127.0.0.1:50201] for POST '/session/3713ad5adecc482a35918837e826012d/execute/sync'
11:03:28.035 [AsyncHttpClient-1-5] DEBUG org.asynchttpclient.netty.handler.HttpHandler - 

Request DefaultHttpRequest(decodeResult: success, version: HTTP/1.1)
POST /session/3713ad5adecc482a35918837e826012d/execute/sync HTTP/1.1
User-Agent: selenium/4.1.4 (java windows)
Content-Length: 176
Content-Type: application/json; charset=utf-8
host: localhost:50201
accept: */*

Response DefaultHttpResponse(decodeResult: success, version: HTTP/1.1)
HTTP/1.1 200 OK
Content-Length: 1421
Content-Type: application/json; charset=utf-8
cache-control: no-cache

11:03:28.035 [AsyncHttpClient-1-5] DEBUG org.asynchttpclient.netty.channel.ChannelManager - Adding key: http://localhost:50201 for channel [id: 0x5f62267d, L:/127.0.0.1:54855 - R:localhost/127.0.0.1:50201]
]]></system-out>
  </testcase>
  <testcase name="testLoginWithSelenium" classname="main.selenium.LoginSeleniumTest" time="34.274">
    <system-out><![CDATA[11:03:28.042 [main] DEBUG org.springframework.web.client.RestTemplate - HTTP POST http://localhost:8081/user/signUp
11:03:28.043 [main] DEBUG org.springframework.web.client.RestTemplate - Accept=[text/plain, application/json, application/*+json, */*]
11:03:28.043 [main] DEBUG org.springframework.web.client.RestTemplate - Writing [userName=seleniumUser&password=1234] as "application/x-www-form-urlencoded"
11:03:28.049 [main] DEBUG org.springframework.web.client.RestTemplate - Response 200 OK
11:03:28.049 [main] DEBUG org.springframework.web.client.RestTemplate - Reading to [java.lang.String] as "text/plain;charset=UTF-8"
11:03:28.050 [Forwarding get on session 3713ad5adecc482a35918837e826012d to remote] DEBUG org.asynchttpclient.netty.request.NettyRequestSender - Using pooled Channel '[id: 0x5f62267d, L:/127.0.0.1:54855 - R:localhost/127.0.0.1:50201]' for 'POST' to 'http://localhost:50201/session/3713ad5adecc482a35918837e826012d/url'
11:03:28.050 [Forwarding get on session 3713ad5adecc482a35918837e826012d to remote] DEBUG org.asynchttpclient.netty.request.NettyRequestSender - Using open Channel [id: 0x5f62267d, L:/127.0.0.1:54855 - R:localhost/127.0.0.1:50201] for POST '/session/3713ad5adecc482a35918837e826012d/url'
11:03:28.074 [AsyncHttpClient-1-5] DEBUG org.asynchttpclient.netty.handler.HttpHandler - 

Request DefaultHttpRequest(decodeResult: success, version: HTTP/1.1)
POST /session/3713ad5adecc482a35918837e826012d/url HTTP/1.1
User-Agent: selenium/4.1.4 (java windows)
Content-Length: 62
Content-Type: application/json; charset=utf-8
host: localhost:50201
accept: */*

Response DefaultHttpResponse(decodeResult: success, version: HTTP/1.1)
HTTP/1.1 200 OK
Content-Length: 14
Content-Type: application/json; charset=utf-8
cache-control: no-cache

11:03:28.074 [AsyncHttpClient-1-5] DEBUG org.asynchttpclient.netty.channel.ChannelManager - Adding key: http://localhost:50201 for channel [id: 0x5f62267d, L:/127.0.0.1:54855 - R:localhost/127.0.0.1:50201]
11:03:28.805 [AsyncHttpClient-1-1] DEBUG org.asynchttpclient.netty.channel.DefaultChannelPool - Entry count for : http://localhost:54856 : 1
11:03:28.805 [AsyncHttpClient-1-1] DEBUG org.asynchttpclient.netty.channel.DefaultChannelPool - Entry count for : http://localhost:59471 : 1
11:03:28.805 [AsyncHttpClient-1-1] DEBUG org.asynchttpclient.netty.channel.DefaultChannelPool - Entry count for : http://localhost:54831 : 1
11:03:28.805 [AsyncHttpClient-1-1] DEBUG org.asynchttpclient.netty.channel.DefaultChannelPool - Entry count for : http://localhost:50201 : 1
11:03:29.906 [AsyncHttpClient-1-1] DEBUG org.asynchttpclient.netty.channel.DefaultChannelPool - Entry count for : http://localhost:54856 : 1
11:03:29.906 [AsyncHttpClient-1-1] DEBUG org.asynchttpclient.netty.channel.DefaultChannelPool - Entry count for : http://localhost:59471 : 1
11:03:29.906 [AsyncHttpClient-1-1] DEBUG org.asynchttpclient.netty.channel.DefaultChannelPool - Entry count for : http://localhost:54831 : 1
11:03:29.906 [AsyncHttpClient-1-1] DEBUG org.asynchttpclient.netty.channel.DefaultChannelPool - Entry count for : http://localhost:50201 : 1
11:03:31.005 [AsyncHttpClient-1-1] DEBUG org.asynchttpclient.netty.channel.DefaultChannelPool - Entry count for : http://localhost:54856 : 1
11:03:31.005 [AsyncHttpClient-1-1] DEBUG org.asynchttpclient.netty.channel.DefaultChannelPool - Entry count for : http://localhost:59471 : 1
11:03:31.005 [AsyncHttpClient-1-1] DEBUG org.asynchttpclient.netty.channel.DefaultChannelPool - Entry count for : http://localhost:54831 : 1
11:03:31.005 [AsyncHttpClient-1-1] DEBUG org.asynchttpclient.netty.channel.DefaultChannelPool - Entry count for : http://localhost:50201 : 1
11:03:31.077 [Forwarding findElement on session 3713ad5adecc482a35918837e826012d to remote] DEBUG org.asynchttpclient.netty.request.NettyRequestSender - Using pooled Channel '[id: 0x5f62267d, L:/127.0.0.1:54855 - R:localhost/127.0.0.1:50201]' for 'POST' to 'http://localhost:50201/session/3713ad5adecc482a35918837e826012d/element'
11:03:31.077 [Forwarding findElement on session 3713ad5adecc482a35918837e826012d to remote] DEBUG org.asynchttpclient.netty.request.NettyRequestSender - Using open Channel [id: 0x5f62267d, L:/127.0.0.1:54855 - R:localhost/127.0.0.1:50201] for POST '/session/3713ad5adecc482a35918837e826012d/element'
11:03:31.085 [AsyncHttpClient-1-5] DEBUG org.asynchttpclient.netty.handler.HttpHandler - 

Request DefaultHttpRequest(decodeResult: success, version: HTTP/1.1)
POST /session/3713ad5adecc482a35918837e826012d/element HTTP/1.1
User-Agent: selenium/4.1.4 (java windows)
Content-Length: 53
Content-Type: application/json; charset=utf-8
host: localhost:50201
accept: */*

Response DefaultHttpResponse(decodeResult: success, version: HTTP/1.1)
HTTP/1.1 200 OK
Content-Length: 126
Content-Type: application/json; charset=utf-8
cache-control: no-cache

11:03:31.086 [AsyncHttpClient-1-5] DEBUG org.asynchttpclient.netty.channel.ChannelManager - Adding key: http://localhost:50201 for channel [id: 0x5f62267d, L:/127.0.0.1:54855 - R:localhost/127.0.0.1:50201]
11:03:31.087 [Forwarding sendKeysToElement on session 3713ad5adecc482a35918837e826012d to remote] DEBUG org.asynchttpclient.netty.request.NettyRequestSender - Using pooled Channel '[id: 0x5f62267d, L:/127.0.0.1:54855 - R:localhost/127.0.0.1:50201]' for 'POST' to 'http://localhost:50201/session/3713ad5adecc482a35918837e826012d/element/f.1B85319A0D41C9C1D5ACB9C20EA57B5C.d.52840B99CC52FD4D4748F907E4538F59.e.17/value'
11:03:31.088 [Forwarding sendKeysToElement on session 3713ad5adecc482a35918837e826012d to remote] DEBUG org.asynchttpclient.netty.request.NettyRequestSender - Using open Channel [id: 0x5f62267d, L:/127.0.0.1:54855 - R:localhost/127.0.0.1:50201] for POST '/session/3713ad5adecc482a35918837e826012d/element/f.1B85319A0D41C9C1D5ACB9C20EA57B5C.d.52840B99CC52FD4D4748F907E4538F59.e.17/value'
11:03:31.154 [AsyncHttpClient-1-5] DEBUG org.asynchttpclient.netty.handler.HttpHandler - 

Request DefaultHttpRequest(decodeResult: success, version: HTTP/1.1)
POST /session/3713ad5adecc482a35918837e826012d/element/f.1B85319A0D41C9C1D5ACB9C20EA57B5C.d.52840B99CC52FD4D4748F907E4538F59.e.17/value HTTP/1.1
User-Agent: selenium/4.1.4 (java windows)
Content-Length: 239
Content-Type: application/json; charset=utf-8
host: localhost:50201
accept: */*

Response DefaultHttpResponse(decodeResult: success, version: HTTP/1.1)
HTTP/1.1 200 OK
Content-Length: 14
Content-Type: application/json; charset=utf-8
cache-control: no-cache

11:03:31.154 [AsyncHttpClient-1-5] DEBUG org.asynchttpclient.netty.channel.ChannelManager - Adding key: http://localhost:50201 for channel [id: 0x5f62267d, L:/127.0.0.1:54855 - R:localhost/127.0.0.1:50201]
11:03:31.156 [Forwarding findElement on session 3713ad5adecc482a35918837e826012d to remote] DEBUG org.asynchttpclient.netty.request.NettyRequestSender - Using pooled Channel '[id: 0x5f62267d, L:/127.0.0.1:54855 - R:localhost/127.0.0.1:50201]' for 'POST' to 'http://localhost:50201/session/3713ad5adecc482a35918837e826012d/element'
11:03:31.156 [Forwarding findElement on session 3713ad5adecc482a35918837e826012d to remote] DEBUG org.asynchttpclient.netty.request.NettyRequestSender - Using open Channel [id: 0x5f62267d, L:/127.0.0.1:54855 - R:localhost/127.0.0.1:50201] for POST '/session/3713ad5adecc482a35918837e826012d/element'
11:03:31.166 [AsyncHttpClient-1-5] DEBUG org.asynchttpclient.netty.handler.HttpHandler - 

Request DefaultHttpRequest(decodeResult: success, version: HTTP/1.1)
POST /session/3713ad5adecc482a35918837e826012d/element HTTP/1.1
User-Agent: selenium/4.1.4 (java windows)
Content-Length: 53
Content-Type: application/json; charset=utf-8
host: localhost:50201
accept: */*

Response DefaultHttpResponse(decodeResult: success, version: HTTP/1.1)
HTTP/1.1 200 OK
Content-Length: 126
Content-Type: application/json; charset=utf-8
cache-control: no-cache

11:03:31.166 [AsyncHttpClient-1-5] DEBUG org.asynchttpclient.netty.channel.ChannelManager - Adding key: http://localhost:50201 for channel [id: 0x5f62267d, L:/127.0.0.1:54855 - R:localhost/127.0.0.1:50201]
11:03:31.168 [Forwarding sendKeysToElement on session 3713ad5adecc482a35918837e826012d to remote] DEBUG org.asynchttpclient.netty.request.NettyRequestSender - Using pooled Channel '[id: 0x5f62267d, L:/127.0.0.1:54855 - R:localhost/127.0.0.1:50201]' for 'POST' to 'http://localhost:50201/session/3713ad5adecc482a35918837e826012d/element/f.1B85319A0D41C9C1D5ACB9C20EA57B5C.d.52840B99CC52FD4D4748F907E4538F59.e.18/value'
11:03:31.168 [Forwarding sendKeysToElement on session 3713ad5adecc482a35918837e826012d to remote] DEBUG org.asynchttpclient.netty.request.NettyRequestSender - Using open Channel [id: 0x5f62267d, L:/127.0.0.1:54855 - R:localhost/127.0.0.1:50201] for POST '/session/3713ad5adecc482a35918837e826012d/element/f.1B85319A0D41C9C1D5ACB9C20EA57B5C.d.52840B99CC52FD4D4748F907E4538F59.e.18/value'
11:03:31.215 [AsyncHttpClient-1-5] DEBUG org.asynchttpclient.netty.handler.HttpHandler - 

Request DefaultHttpRequest(decodeResult: success, version: HTTP/1.1)
POST /session/3713ad5adecc482a35918837e826012d/element/f.1B85319A0D41C9C1D5ACB9C20EA57B5C.d.52840B99CC52FD4D4748F907E4538F59.e.18/value HTTP/1.1
User-Agent: selenium/4.1.4 (java windows)
Content-Length: 159
Content-Type: application/json; charset=utf-8
host: localhost:50201
accept: */*

Response DefaultHttpResponse(decodeResult: success, version: HTTP/1.1)
HTTP/1.1 200 OK
Content-Length: 14
Content-Type: application/json; charset=utf-8
cache-control: no-cache

11:03:31.215 [AsyncHttpClient-1-5] DEBUG org.asynchttpclient.netty.channel.ChannelManager - Adding key: http://localhost:50201 for channel [id: 0x5f62267d, L:/127.0.0.1:54855 - R:localhost/127.0.0.1:50201]
11:03:32.105 [AsyncHttpClient-1-1] DEBUG org.asynchttpclient.netty.channel.DefaultChannelPool - Entry count for : http://localhost:54856 : 1
11:03:32.105 [AsyncHttpClient-1-1] DEBUG org.asynchttpclient.netty.channel.DefaultChannelPool - Entry count for : http://localhost:59471 : 1
11:03:32.105 [AsyncHttpClient-1-1] DEBUG org.asynchttpclient.netty.channel.DefaultChannelPool - Entry count for : http://localhost:54831 : 1
11:03:32.105 [AsyncHttpClient-1-1] DEBUG org.asynchttpclient.netty.channel.DefaultChannelPool - Entry count for : http://localhost:50201 : 1
11:03:32.217 [Forwarding findElement on session 3713ad5adecc482a35918837e826012d to remote] DEBUG org.asynchttpclient.netty.request.NettyRequestSender - Using pooled Channel '[id: 0x5f62267d, L:/127.0.0.1:54855 - R:localhost/127.0.0.1:50201]' for 'POST' to 'http://localhost:50201/session/3713ad5adecc482a35918837e826012d/element'
11:03:32.217 [Forwarding findElement on session 3713ad5adecc482a35918837e826012d to remote] DEBUG org.asynchttpclient.netty.request.NettyRequestSender - Using open Channel [id: 0x5f62267d, L:/127.0.0.1:54855 - R:localhost/127.0.0.1:50201] for POST '/session/3713ad5adecc482a35918837e826012d/element'
11:03:32.224 [AsyncHttpClient-1-5] DEBUG org.asynchttpclient.netty.handler.HttpHandler - 

Request DefaultHttpRequest(decodeResult: success, version: HTTP/1.1)
POST /session/3713ad5adecc482a35918837e826012d/element HTTP/1.1
User-Agent: selenium/4.1.4 (java windows)
Content-Length: 53
Content-Type: application/json; charset=utf-8
host: localhost:50201
accept: */*

Response DefaultHttpResponse(decodeResult: success, version: HTTP/1.1)
HTTP/1.1 200 OK
Content-Length: 126
Content-Type: application/json; charset=utf-8
cache-control: no-cache

11:03:32.224 [AsyncHttpClient-1-5] DEBUG org.asynchttpclient.netty.channel.ChannelManager - Adding key: http://localhost:50201 for channel [id: 0x5f62267d, L:/127.0.0.1:54855 - R:localhost/127.0.0.1:50201]
11:03:32.226 [Forwarding clickElement on session 3713ad5adecc482a35918837e826012d to remote] DEBUG org.asynchttpclient.netty.request.NettyRequestSender - Using pooled Channel '[id: 0x5f62267d, L:/127.0.0.1:54855 - R:localhost/127.0.0.1:50201]' for 'POST' to 'http://localhost:50201/session/3713ad5adecc482a35918837e826012d/element/f.1B85319A0D41C9C1D5ACB9C20EA57B5C.d.52840B99CC52FD4D4748F907E4538F59.e.19/click'
11:03:32.226 [Forwarding clickElement on session 3713ad5adecc482a35918837e826012d to remote] DEBUG org.asynchttpclient.netty.request.NettyRequestSender - Using open Channel [id: 0x5f62267d, L:/127.0.0.1:54855 - R:localhost/127.0.0.1:50201] for POST '/session/3713ad5adecc482a35918837e826012d/element/f.1B85319A0D41C9C1D5ACB9C20EA57B5C.d.52840B99CC52FD4D4748F907E4538F59.e.19/click'
11:03:32.277 [AsyncHttpClient-1-5] DEBUG org.asynchttpclient.netty.handler.HttpHandler - 

Request DefaultHttpRequest(decodeResult: success, version: HTTP/1.1)
POST /session/3713ad5adecc482a35918837e826012d/element/f.1B85319A0D41C9C1D5ACB9C20EA57B5C.d.52840B99CC52FD4D4748F907E4538F59.e.19/click HTTP/1.1
User-Agent: selenium/4.1.4 (java windows)
Content-Length: 88
Content-Type: application/json; charset=utf-8
host: localhost:50201
accept: */*

Response DefaultHttpResponse(decodeResult: success, version: HTTP/1.1)
HTTP/1.1 200 OK
Content-Length: 14
Content-Type: application/json; charset=utf-8
cache-control: no-cache

11:03:32.277 [AsyncHttpClient-1-5] DEBUG org.asynchttpclient.netty.channel.ChannelManager - Adding key: http://localhost:50201 for channel [id: 0x5f62267d, L:/127.0.0.1:54855 - R:localhost/127.0.0.1:50201]
11:03:33.204 [AsyncHttpClient-1-1] DEBUG org.asynchttpclient.netty.channel.DefaultChannelPool - Entry count for : http://localhost:54856 : 1
11:03:33.204 [AsyncHttpClient-1-1] DEBUG org.asynchttpclient.netty.channel.DefaultChannelPool - Entry count for : http://localhost:59471 : 1
11:03:33.204 [AsyncHttpClient-1-1] DEBUG org.asynchttpclient.netty.channel.DefaultChannelPool - Entry count for : http://localhost:54831 : 1
11:03:33.204 [AsyncHttpClient-1-1] DEBUG org.asynchttpclient.netty.channel.DefaultChannelPool - Entry count for : http://localhost:50201 : 1
11:03:34.306 [AsyncHttpClient-1-1] DEBUG org.asynchttpclient.netty.channel.DefaultChannelPool - Entry count for : http://localhost:54856 : 1
11:03:34.306 [AsyncHttpClient-1-1] DEBUG org.asynchttpclient.netty.channel.DefaultChannelPool - Entry count for : http://localhost:59471 : 1
11:03:34.306 [AsyncHttpClient-1-1] DEBUG org.asynchttpclient.netty.channel.DefaultChannelPool - Entry count for : http://localhost:54831 : 1
11:03:34.306 [AsyncHttpClient-1-1] DEBUG org.asynchttpclient.netty.channel.DefaultChannelPool - Entry count for : http://localhost:50201 : 1
11:03:35.409 [AsyncHttpClient-1-1] DEBUG org.asynchttpclient.netty.channel.DefaultChannelPool - Entry count for : http://localhost:54856 : 1
11:03:35.409 [AsyncHttpClient-1-1] DEBUG org.asynchttpclient.netty.channel.DefaultChannelPool - Entry count for : http://localhost:59471 : 1
11:03:35.409 [AsyncHttpClient-1-1] DEBUG org.asynchttpclient.netty.channel.DefaultChannelPool - Entry count for : http://localhost:54831 : 1
11:03:35.409 [AsyncHttpClient-1-1] DEBUG org.asynchttpclient.netty.channel.DefaultChannelPool - Entry count for : http://localhost:50201 : 1
11:03:36.506 [AsyncHttpClient-1-1] DEBUG org.asynchttpclient.netty.channel.DefaultChannelPool - Entry count for : http://localhost:54856 : 1
11:03:36.506 [AsyncHttpClient-1-1] DEBUG org.asynchttpclient.netty.channel.DefaultChannelPool - Entry count for : http://localhost:59471 : 1
11:03:36.506 [AsyncHttpClient-1-1] DEBUG org.asynchttpclient.netty.channel.DefaultChannelPool - Entry count for : http://localhost:54831 : 1
11:03:36.506 [AsyncHttpClient-1-1] DEBUG org.asynchttpclient.netty.channel.DefaultChannelPool - Entry count for : http://localhost:50201 : 1
11:03:37.605 [AsyncHttpClient-1-1] DEBUG org.asynchttpclient.netty.channel.DefaultChannelPool - Entry count for : http://localhost:54856 : 1
11:03:37.605 [AsyncHttpClient-1-1] DEBUG org.asynchttpclient.netty.channel.DefaultChannelPool - Entry count for : http://localhost:59471 : 1
11:03:37.605 [AsyncHttpClient-1-1] DEBUG org.asynchttpclient.netty.channel.DefaultChannelPool - Entry count for : http://localhost:54831 : 1
11:03:37.605 [AsyncHttpClient-1-1] DEBUG org.asynchttpclient.netty.channel.DefaultChannelPool - Entry count for : http://localhost:50201 : 1
11:03:38.707 [AsyncHttpClient-1-1] DEBUG org.asynchttpclient.netty.channel.DefaultChannelPool - Entry count for : http://localhost:54856 : 1
11:03:38.707 [AsyncHttpClient-1-1] DEBUG org.asynchttpclient.netty.channel.DefaultChannelPool - Entry count for : http://localhost:59471 : 1
11:03:38.707 [AsyncHttpClient-1-1] DEBUG org.asynchttpclient.netty.channel.DefaultChannelPool - Entry count for : http://localhost:54831 : 1
11:03:38.707 [AsyncHttpClient-1-1] DEBUG org.asynchttpclient.netty.channel.DefaultChannelPool - Entry count for : http://localhost:50201 : 1
11:03:39.805 [AsyncHttpClient-1-1] DEBUG org.asynchttpclient.netty.channel.DefaultChannelPool - Entry count for : http://localhost:54856 : 1
11:03:39.805 [AsyncHttpClient-1-1] DEBUG org.asynchttpclient.netty.channel.DefaultChannelPool - Entry count for : http://localhost:59471 : 1
11:03:39.805 [AsyncHttpClient-1-1] DEBUG org.asynchttpclient.netty.channel.DefaultChannelPool - Entry count for : http://localhost:54831 : 1
11:03:39.805 [AsyncHttpClient-1-1] DEBUG org.asynchttpclient.netty.channel.DefaultChannelPool - Entry count for : http://localhost:50201 : 1
11:03:40.905 [AsyncHttpClient-1-1] DEBUG org.asynchttpclient.netty.channel.DefaultChannelPool - Entry count for : http://localhost:54856 : 1
11:03:40.905 [AsyncHttpClient-1-1] DEBUG org.asynchttpclient.netty.channel.DefaultChannelPool - Entry count for : http://localhost:59471 : 1
11:03:40.905 [AsyncHttpClient-1-1] DEBUG org.asynchttpclient.netty.channel.DefaultChannelPool - Entry count for : http://localhost:54831 : 1
11:03:40.905 [AsyncHttpClient-1-1] DEBUG org.asynchttpclient.netty.channel.DefaultChannelPool - Entry count for : http://localhost:50201 : 1
11:03:42.006 [AsyncHttpClient-1-1] DEBUG org.asynchttpclient.netty.channel.DefaultChannelPool - Entry count for : http://localhost:54856 : 1
11:03:42.006 [AsyncHttpClient-1-1] DEBUG org.asynchttpclient.netty.channel.DefaultChannelPool - Entry count for : http://localhost:59471 : 1
11:03:42.006 [AsyncHttpClient-1-1] DEBUG org.asynchttpclient.netty.channel.DefaultChannelPool - Entry count for : http://localhost:54831 : 1
11:03:42.006 [AsyncHttpClient-1-1] DEBUG org.asynchttpclient.netty.channel.DefaultChannelPool - Entry count for : http://localhost:50201 : 1
11:03:43.106 [AsyncHttpClient-1-1] DEBUG org.asynchttpclient.netty.channel.DefaultChannelPool - Entry count for : http://localhost:54856 : 1
11:03:43.106 [AsyncHttpClient-1-1] DEBUG org.asynchttpclient.netty.channel.DefaultChannelPool - Entry count for : http://localhost:59471 : 1
11:03:43.106 [AsyncHttpClient-1-1] DEBUG org.asynchttpclient.netty.channel.DefaultChannelPool - Entry count for : http://localhost:54831 : 1
11:03:43.106 [AsyncHttpClient-1-1] DEBUG org.asynchttpclient.netty.channel.DefaultChannelPool - Entry count for : http://localhost:50201 : 1
11:03:44.205 [AsyncHttpClient-1-1] DEBUG org.asynchttpclient.netty.channel.DefaultChannelPool - Entry count for : http://localhost:54856 : 1
11:03:44.205 [AsyncHttpClient-1-1] DEBUG org.asynchttpclient.netty.channel.DefaultChannelPool - Entry count for : http://localhost:59471 : 1
11:03:44.205 [AsyncHttpClient-1-1] DEBUG org.asynchttpclient.netty.channel.DefaultChannelPool - Entry count for : http://localhost:54831 : 1
11:03:44.205 [AsyncHttpClient-1-1] DEBUG org.asynchttpclient.netty.channel.DefaultChannelPool - Entry count for : http://localhost:50201 : 1
11:03:45.305 [AsyncHttpClient-1-1] DEBUG org.asynchttpclient.netty.channel.DefaultChannelPool - Entry count for : http://localhost:54856 : 1
11:03:45.305 [AsyncHttpClient-1-1] DEBUG org.asynchttpclient.netty.channel.DefaultChannelPool - Entry count for : http://localhost:59471 : 1
11:03:45.305 [AsyncHttpClient-1-1] DEBUG org.asynchttpclient.netty.channel.DefaultChannelPool - Entry count for : http://localhost:54831 : 1
11:03:45.305 [AsyncHttpClient-1-1] DEBUG org.asynchttpclient.netty.channel.DefaultChannelPool - Entry count for : http://localhost:50201 : 1
11:03:46.405 [AsyncHttpClient-1-1] DEBUG org.asynchttpclient.netty.channel.DefaultChannelPool - Entry count for : http://localhost:54856 : 1
11:03:46.405 [AsyncHttpClient-1-1] DEBUG org.asynchttpclient.netty.channel.DefaultChannelPool - Entry count for : http://localhost:59471 : 1
11:03:46.405 [AsyncHttpClient-1-1] DEBUG org.asynchttpclient.netty.channel.DefaultChannelPool - Entry count for : http://localhost:54831 : 1
11:03:46.405 [AsyncHttpClient-1-1] DEBUG org.asynchttpclient.netty.channel.DefaultChannelPool - Entry count for : http://localhost:50201 : 1
11:03:47.506 [AsyncHttpClient-1-1] DEBUG org.asynchttpclient.netty.channel.DefaultChannelPool - Entry count for : http://localhost:54856 : 1
11:03:47.506 [AsyncHttpClient-1-1] DEBUG org.asynchttpclient.netty.channel.DefaultChannelPool - Entry count for : http://localhost:59471 : 1
11:03:47.506 [AsyncHttpClient-1-1] DEBUG org.asynchttpclient.netty.channel.DefaultChannelPool - Entry count for : http://localhost:54831 : 1
11:03:47.506 [AsyncHttpClient-1-1] DEBUG org.asynchttpclient.netty.channel.DefaultChannelPool - Entry count for : http://localhost:50201 : 1
11:03:48.605 [AsyncHttpClient-1-1] DEBUG org.asynchttpclient.netty.channel.DefaultChannelPool - Entry count for : http://localhost:54856 : 1
11:03:48.605 [AsyncHttpClient-1-1] DEBUG org.asynchttpclient.netty.channel.DefaultChannelPool - Entry count for : http://localhost:59471 : 1
11:03:48.605 [AsyncHttpClient-1-1] DEBUG org.asynchttpclient.netty.channel.DefaultChannelPool - Entry count for : http://localhost:54831 : 1
11:03:48.605 [AsyncHttpClient-1-1] DEBUG org.asynchttpclient.netty.channel.DefaultChannelPool - Entry count for : http://localhost:50201 : 1
11:03:49.706 [AsyncHttpClient-1-1] DEBUG org.asynchttpclient.netty.channel.DefaultChannelPool - Entry count for : http://localhost:54856 : 1
11:03:49.706 [AsyncHttpClient-1-1] DEBUG org.asynchttpclient.netty.channel.DefaultChannelPool - Entry count for : http://localhost:59471 : 1
11:03:49.706 [AsyncHttpClient-1-1] DEBUG org.asynchttpclient.netty.channel.DefaultChannelPool - Entry count for : http://localhost:54831 : 1
11:03:49.706 [AsyncHttpClient-1-1] DEBUG org.asynchttpclient.netty.channel.DefaultChannelPool - Entry count for : http://localhost:50201 : 1
11:03:50.806 [AsyncHttpClient-1-1] DEBUG org.asynchttpclient.netty.channel.DefaultChannelPool - Entry count for : http://localhost:54856 : 1
11:03:50.806 [AsyncHttpClient-1-1] DEBUG org.asynchttpclient.netty.channel.DefaultChannelPool - Entry count for : http://localhost:59471 : 1
11:03:50.806 [AsyncHttpClient-1-1] DEBUG org.asynchttpclient.netty.channel.DefaultChannelPool - Entry count for : http://localhost:54831 : 1
11:03:50.806 [AsyncHttpClient-1-1] DEBUG org.asynchttpclient.netty.channel.DefaultChannelPool - Entry count for : http://localhost:50201 : 1
11:03:51.906 [AsyncHttpClient-1-1] DEBUG org.asynchttpclient.netty.channel.DefaultChannelPool - Entry count for : http://localhost:54856 : 1
11:03:51.906 [AsyncHttpClient-1-1] DEBUG org.asynchttpclient.netty.channel.DefaultChannelPool - Entry count for : http://localhost:59471 : 1
11:03:51.906 [AsyncHttpClient-1-1] DEBUG org.asynchttpclient.netty.channel.DefaultChannelPool - Entry count for : http://localhost:54831 : 1
11:03:51.906 [AsyncHttpClient-1-1] DEBUG org.asynchttpclient.netty.channel.DefaultChannelPool - Entry count for : http://localhost:50201 : 1
11:03:53.006 [AsyncHttpClient-1-1] DEBUG org.asynchttpclient.netty.channel.DefaultChannelPool - Entry count for : http://localhost:54856 : 1
11:03:53.006 [AsyncHttpClient-1-1] DEBUG org.asynchttpclient.netty.channel.DefaultChannelPool - Entry count for : http://localhost:59471 : 1
11:03:53.006 [AsyncHttpClient-1-1] DEBUG org.asynchttpclient.netty.channel.DefaultChannelPool - Entry count for : http://localhost:54831 : 1
11:03:53.006 [AsyncHttpClient-1-1] DEBUG org.asynchttpclient.netty.channel.DefaultChannelPool - Entry count for : http://localhost:50201 : 1
11:03:54.106 [AsyncHttpClient-1-1] DEBUG org.asynchttpclient.netty.channel.DefaultChannelPool - Entry count for : http://localhost:54856 : 1
11:03:54.106 [AsyncHttpClient-1-1] DEBUG org.asynchttpclient.netty.channel.DefaultChannelPool - Entry count for : http://localhost:59471 : 1
11:03:54.106 [AsyncHttpClient-1-1] DEBUG org.asynchttpclient.netty.channel.DefaultChannelPool - Entry count for : http://localhost:54831 : 1
11:03:54.106 [AsyncHttpClient-1-1] DEBUG org.asynchttpclient.netty.channel.DefaultChannelPool - Entry count for : http://localhost:50201 : 1
11:03:55.205 [AsyncHttpClient-1-1] DEBUG org.asynchttpclient.netty.channel.DefaultChannelPool - Entry count for : http://localhost:54856 : 1
11:03:55.205 [AsyncHttpClient-1-1] DEBUG org.asynchttpclient.netty.channel.DefaultChannelPool - Entry count for : http://localhost:59471 : 1
11:03:55.205 [AsyncHttpClient-1-1] DEBUG org.asynchttpclient.netty.channel.DefaultChannelPool - Entry count for : http://localhost:54831 : 1
11:03:55.205 [AsyncHttpClient-1-1] DEBUG org.asynchttpclient.netty.channel.DefaultChannelPool - Entry count for : http://localhost:50201 : 1
11:03:56.305 [AsyncHttpClient-1-1] DEBUG org.asynchttpclient.netty.channel.DefaultChannelPool - Entry count for : http://localhost:54856 : 1
11:03:56.305 [AsyncHttpClient-1-1] DEBUG org.asynchttpclient.netty.channel.DefaultChannelPool - Entry count for : http://localhost:59471 : 1
11:03:56.305 [AsyncHttpClient-1-1] DEBUG org.asynchttpclient.netty.channel.DefaultChannelPool - Entry count for : http://localhost:54831 : 1
11:03:56.305 [AsyncHttpClient-1-1] DEBUG org.asynchttpclient.netty.channel.DefaultChannelPool - Entry count for : http://localhost:50201 : 1
11:03:57.406 [AsyncHttpClient-1-1] DEBUG org.asynchttpclient.netty.channel.DefaultChannelPool - Entry count for : http://localhost:54856 : 1
11:03:57.406 [AsyncHttpClient-1-1] DEBUG org.asynchttpclient.netty.channel.DefaultChannelPool - Entry count for : http://localhost:59471 : 1
11:03:57.406 [AsyncHttpClient-1-1] DEBUG org.asynchttpclient.netty.channel.DefaultChannelPool - Entry count for : http://localhost:54831 : 1
11:03:57.406 [AsyncHttpClient-1-1] DEBUG org.asynchttpclient.netty.channel.DefaultChannelPool - Entry count for : http://localhost:50201 : 1
11:03:58.506 [AsyncHttpClient-1-1] DEBUG org.asynchttpclient.netty.channel.DefaultChannelPool - Entry count for : http://localhost:54856 : 1
11:03:58.506 [AsyncHttpClient-1-1] DEBUG org.asynchttpclient.netty.channel.DefaultChannelPool - Entry count for : http://localhost:59471 : 1
11:03:58.506 [AsyncHttpClient-1-1] DEBUG org.asynchttpclient.netty.channel.DefaultChannelPool - Entry count for : http://localhost:54831 : 1
11:03:58.506 [AsyncHttpClient-1-1] DEBUG org.asynchttpclient.netty.channel.DefaultChannelPool - Entry count for : http://localhost:50201 : 1
11:03:59.606 [AsyncHttpClient-1-1] DEBUG org.asynchttpclient.netty.channel.DefaultChannelPool - Entry count for : http://localhost:54856 : 1
11:03:59.606 [AsyncHttpClient-1-1] DEBUG org.asynchttpclient.netty.channel.DefaultChannelPool - Entry count for : http://localhost:59471 : 1
11:03:59.606 [AsyncHttpClient-1-1] DEBUG org.asynchttpclient.netty.channel.DefaultChannelPool - Entry count for : http://localhost:54831 : 1
11:03:59.606 [AsyncHttpClient-1-1] DEBUG org.asynchttpclient.netty.channel.DefaultChannelPool - Entry count for : http://localhost:50201 : 1
11:04:00.706 [AsyncHttpClient-1-1] DEBUG org.asynchttpclient.netty.channel.DefaultChannelPool - Entry count for : http://localhost:54856 : 1
11:04:00.706 [AsyncHttpClient-1-1] DEBUG org.asynchttpclient.netty.channel.DefaultChannelPool - Entry count for : http://localhost:59471 : 1
11:04:00.706 [AsyncHttpClient-1-1] DEBUG org.asynchttpclient.netty.channel.DefaultChannelPool - Entry count for : http://localhost:54831 : 1
11:04:00.706 [AsyncHttpClient-1-1] DEBUG org.asynchttpclient.netty.channel.DefaultChannelPool - Entry count for : http://localhost:50201 : 1
11:04:01.805 [AsyncHttpClient-1-1] DEBUG org.asynchttpclient.netty.channel.DefaultChannelPool - Entry count for : http://localhost:54856 : 1
11:04:01.805 [AsyncHttpClient-1-1] DEBUG org.asynchttpclient.netty.channel.DefaultChannelPool - Entry count for : http://localhost:59471 : 1
11:04:01.805 [AsyncHttpClient-1-1] DEBUG org.asynchttpclient.netty.channel.DefaultChannelPool - Entry count for : http://localhost:54831 : 1
11:04:01.805 [AsyncHttpClient-1-1] DEBUG org.asynchttpclient.netty.channel.DefaultChannelPool - Entry count for : http://localhost:50201 : 1
11:04:02.281 [Forwarding findElement on session 3713ad5adecc482a35918837e826012d to remote] DEBUG org.asynchttpclient.netty.request.NettyRequestSender - Using pooled Channel '[id: 0x5f62267d, L:/127.0.0.1:54855 - R:localhost/127.0.0.1:50201]' for 'POST' to 'http://localhost:50201/session/3713ad5adecc482a35918837e826012d/element'
11:04:02.281 [Forwarding findElement on session 3713ad5adecc482a35918837e826012d to remote] DEBUG org.asynchttpclient.netty.request.NettyRequestSender - Using open Channel [id: 0x5f62267d, L:/127.0.0.1:54855 - R:localhost/127.0.0.1:50201] for POST '/session/3713ad5adecc482a35918837e826012d/element'
11:04:02.293 [AsyncHttpClient-1-5] DEBUG org.asynchttpclient.netty.handler.HttpHandler - 

Request DefaultHttpRequest(decodeResult: success, version: HTTP/1.1)
POST /session/3713ad5adecc482a35918837e826012d/element HTTP/1.1
User-Agent: selenium/4.1.4 (java windows)
Content-Length: 51
Content-Type: application/json; charset=utf-8
host: localhost:50201
accept: */*

Response DefaultHttpResponse(decodeResult: success, version: HTTP/1.1)
HTTP/1.1 200 OK
Content-Length: 126
Content-Type: application/json; charset=utf-8
cache-control: no-cache

11:04:02.294 [AsyncHttpClient-1-5] DEBUG org.asynchttpclient.netty.channel.ChannelManager - Adding key: http://localhost:50201 for channel [id: 0x5f62267d, L:/127.0.0.1:54855 - R:localhost/127.0.0.1:50201]
11:04:02.295 [Forwarding getElementText on session 3713ad5adecc482a35918837e826012d to remote] DEBUG org.asynchttpclient.netty.request.NettyRequestSender - Using pooled Channel '[id: 0x5f62267d, L:/127.0.0.1:54855 - R:localhost/127.0.0.1:50201]' for 'GET' to 'http://localhost:50201/session/3713ad5adecc482a35918837e826012d/element/f.1B85319A0D41C9C1D5ACB9C20EA57B5C.d.52840B99CC52FD4D4748F907E4538F59.e.25/text'
11:04:02.295 [Forwarding getElementText on session 3713ad5adecc482a35918837e826012d to remote] DEBUG org.asynchttpclient.netty.request.NettyRequestSender - Using open Channel [id: 0x5f62267d, L:/127.0.0.1:54855 - R:localhost/127.0.0.1:50201] for GET '/session/3713ad5adecc482a35918837e826012d/element/f.1B85319A0D41C9C1D5ACB9C20EA57B5C.d.52840B99CC52FD4D4748F907E4538F59.e.25/text'
11:04:02.309 [AsyncHttpClient-1-5] DEBUG org.asynchttpclient.netty.handler.HttpHandler - 

Request DefaultFullHttpRequest(decodeResult: success, version: HTTP/1.1, content: EmptyByteBufBE)
GET /session/3713ad5adecc482a35918837e826012d/element/f.1B85319A0D41C9C1D5ACB9C20EA57B5C.d.52840B99CC52FD4D4748F907E4538F59.e.25/text HTTP/1.1
User-Agent: selenium/4.1.4 (java windows)
Cache-Control: no-cache
Content-Type: application/json; charset=utf-8
host: localhost:50201
accept: */*

Response DefaultHttpResponse(decodeResult: success, version: HTTP/1.1)
HTTP/1.1 200 OK
Content-Length: 188
Content-Type: application/json; charset=utf-8
cache-control: no-cache

11:04:02.310 [AsyncHttpClient-1-5] DEBUG org.asynchttpclient.netty.channel.ChannelManager - Adding key: http://localhost:50201 for channel [id: 0x5f62267d, L:/127.0.0.1:54855 - R:localhost/127.0.0.1:50201]
]]></system-out>
  </testcase>
</testsuite>