<?xml version="1.0" encoding="UTF-8"?>
<testsuite xmlns:xsi="http://www.w3.org/2001/XMLSchema-instance" xsi:noNamespaceSchemaLocation="https://maven.apache.org/surefire/maven-surefire-plugin/xsd/surefire-test-report-3.0.xsd" version="3.0" name="main.controller.UserControllerIntegrationTest" time="10.511" tests="2" errors="0" skipped="0" failures="0">
  <properties>
[...]
</properties>
  <testcase name="testSearchMovie" classname="main.controller.UserControllerIntegrationTest" time="0.994">
    <system-out><![CDATA[18:12:35.376 [main] DEBUG org.springframework.test.context.BootstrapUtils - Instantiating CacheAwareContextLoaderDelegate from class [org.springframework.test.context.cache.DefaultCacheAwareContextLoaderDelegate]
18:12:35.398 [main] DEBUG org.springframework.test.context.BootstrapUtils - Instantiating BootstrapContext using constructor [public org.springframework.test.context.support.DefaultBootstrapContext(java.lang.Class,org.springframework.test.context.CacheAwareContextLoaderDelegate)]
18:12:35.464 [main] DEBUG org.springframework.test.context.BootstrapUtils - Instantiating TestContextBootstrapper for test class [main.controller.UserControllerIntegrationTest] from class [org.springframework.boot.test.context.SpringBootTestContextBootstrapper]
18:12:35.483 [main] INFO org.springframework.boot.test.context.SpringBootTestContextBootstrapper - Neither @ContextConfiguration nor @ContextHierarchy found for test class [main.controller.UserControllerIntegrationTest], using SpringBootContextLoader
18:12:35.487 [main] DEBUG org.springframework.test.context.support.AbstractContextLoader - Did not detect default resource location for test class [main.controller.UserControllerIntegrationTest]: class path resource [main/controller/UserControllerIntegrationTest-context.xml] does not exist
18:12:35.487 [main] DEBUG org.springframework.test.context.support.AbstractContextLoader - Did not detect default resource location for test class [main.controller.UserControllerIntegrationTest]: class path resource [main/controller/UserControllerIntegrationTestContext.groovy] does not exist
18:12:35.488 [main] INFO org.springframework.test.context.support.AbstractContextLoader - Could not detect default resource locations for test class [main.controller.UserControllerIntegrationTest]: no resource found for suffixes {-context.xml, Context.groovy}.
18:12:35.636 [main] DEBUG org.springframework.test.context.support.ActiveProfilesUtils - Could not find an 'annotation declaring class' for annotation type [org.springframework.test.context.ActiveProfiles] and class [main.controller.UserControllerIntegrationTest]
18:12:35.930 [main] DEBUG org.springframework.boot.test.context.SpringBootTestContextBootstrapper - @TestExecutionListeners is not present for class [main.controller.UserControllerIntegrationTest]: using defaults.
18:12:35.931 [main] INFO org.springframework.boot.test.context.SpringBootTestContextBootstrapper - Loaded default TestExecutionListener class names from location [META-INF/spring.factories]: [org.springframework.boot.test.mock.mockito.MockitoTestExecutionListener, org.springframework.boot.test.mock.mockito.ResetMocksTestExecutionListener, org.springframework.boot.test.autoconfigure.restdocs.RestDocsTestExecutionListener, org.springframework.boot.test.autoconfigure.web.client.MockRestServiceServerResetTestExecutionListener, org.springframework.boot.test.autoconfigure.web.servlet.MockMvcPrintOnlyOnFailureTestExecutionListener, org.springframework.boot.test.autoconfigure.web.servlet.WebDriverTestExecutionListener, org.springframework.boot.test.autoconfigure.webservices.client.MockWebServiceServerTestExecutionListener, org.springframework.test.context.web.ServletTestExecutionListener, org.springframework.test.context.support.DirtiesContextBeforeModesTestExecutionListener, org.springframework.test.context.event.ApplicationEventsTestExecutionListener, org.springframework.test.context.support.DependencyInjectionTestExecutionListener, org.springframework.test.context.support.DirtiesContextTestExecutionListener, org.springframework.test.context.transaction.TransactionalTestExecutionListener, org.springframework.test.context.jdbc.SqlScriptsTestExecutionListener, org.springframework.test.context.event.EventPublishingTestExecutionListener]
18:12:35.968 [main] INFO org.springframework.boot.test.context.SpringBootTestContextBootstrapper - Using TestExecutionListeners: [org.springframework.test.context.web.ServletTestExecutionListener@46944ca9, org.springframework.test.context.support.DirtiesContextBeforeModesTestExecutionListener@22bac7bc, org.springframework.test.context.event.ApplicationEventsTestExecutionListener@63798ca7, org.springframework.boot.test.mock.mockito.MockitoTestExecutionListener@4612b856, org.springframework.boot.test.autoconfigure.SpringBootDependencyInjectionTestExecutionListener@22875539, org.springframework.test.context.support.DirtiesContextTestExecutionListener@5674e1f2, org.springframework.test.context.transaction.TransactionalTestExecutionListener@79c7532f, org.springframework.test.context.jdbc.SqlScriptsTestExecutionListener@2a448449, org.springframework.test.context.event.EventPublishingTestExecutionListener@32f232a5, org.springframework.boot.test.mock.mockito.ResetMocksTestExecutionListener@43f82e78, org.springframework.boot.test.autoconfigure.restdocs.RestDocsTestExecutionListener@e54303, org.springframework.boot.test.autoconfigure.web.client.MockRestServiceServerResetTestExecutionListener@e8df99a, org.springframework.boot.test.autoconfigure.web.servlet.MockMvcPrintOnlyOnFailureTestExecutionListener@2dc995f4, org.springframework.boot.test.autoconfigure.web.servlet.WebDriverTestExecutionListener@2f40e5db, org.springframework.boot.test.autoconfigure.webservices.client.MockWebServiceServerTestExecutionListener@517566b]
18:12:35.982 [main] DEBUG org.springframework.test.context.support.AbstractDirtiesContextTestExecutionListener - Before test class: context [DefaultTestContext@2da59753 testClass = UserControllerIntegrationTest, testInstance = [null], testMethod = [null], testException = [null], mergedContextConfiguration = [WebMergedContextConfiguration@5629510 testClass = UserControllerIntegrationTest, locations = '{}', classes = '{class application.WestCastApplication}', contextInitializerClasses = '[]', activeProfiles = '{}', propertySourceLocations = '{}', propertySourceProperties = '{org.springframework.boot.test.context.SpringBootTestContextBootstrapper=true}', contextCustomizers = set[[ImportsContextCustomizer@4df5bcb4 key = [org.springframework.boot.test.autoconfigure.web.servlet.MockMvcWebDriverAutoConfiguration, org.springframework.boot.test.autoconfigure.web.servlet.MockMvcAutoConfiguration, org.springframework.boot.autoconfigure.security.oauth2.client.servlet.OAuth2ClientAutoConfiguration, org.springframework.boot.autoconfigure.security.servlet.SecurityAutoConfiguration, org.springframework.boot.autoconfigure.security.servlet.SecurityFilterAutoConfiguration, org.springframework.boot.autoconfigure.security.servlet.UserDetailsServiceAutoConfiguration, org.springframework.boot.autoconfigure.security.oauth2.resource.servlet.OAuth2ResourceServerAutoConfiguration, org.springframework.boot.test.autoconfigure.web.servlet.MockMvcSecurityConfiguration, org.springframework.boot.test.autoconfigure.web.servlet.MockMvcWebClientAutoConfiguration, org.springframework.boot.test.autoconfigure.web.reactive.WebTestClientAutoConfiguration]], org.springframework.boot.test.context.filter.ExcludeFilterContextCustomizer@147e2ae7, org.springframework.boot.test.json.DuplicateJsonObjectContextCustomizerFactory$DuplicateJsonObjectContextCustomizer@503f91c3, org.springframework.boot.test.mock.mockito.MockitoContextCustomizer@0, org.springframework.boot.test.web.client.TestRestTemplateContextCustomizer@50f6ac94, org.springframework.boot.test.autoconfigure.actuate.metrics.MetricsExportContextCustomizerFactory$DisableMetricExportContextCustomizer@4b8729ff, org.springframework.boot.test.autoconfigure.properties.PropertyMappingContextCustomizer@4b3fa0b3, org.springframework.boot.test.autoconfigure.web.servlet.WebDriverContextCustomizerFactory$Customizer@9cb8225, org.springframework.boot.test.context.SpringBootTestArgs@1, org.springframework.boot.test.context.SpringBootTestWebEnvironment@448ff1a8], resourceBasePath = 'src/main/webapp', contextLoader = 'org.springframework.boot.test.context.SpringBootContextLoader', parent = [null]], attributes = map['org.springframework.test.context.web.ServletTestExecutionListener.activateListener' -> true]], class annotated with @DirtiesContext [false] with mode [null].

  .   ____          _            __ _ _
 /\\ / ___'_ __ _ _(_)_ __  __ _ \ \ \ \
( ( )\___ | '_ | '_| | '_ \/ _` | \ \ \ \
 \\/  ___)| |_)| | | | | || (_| |  ) ) ) )
  '  |____| .__|_| |_|_| |_\__, | / / / /
 =========|_|==============|___/=/_/_/_/
 :: Spring Boot ::               (v2.7.17)

2026-01-03 18:12:36.867  INFO 4900 --- [           main] m.c.UserControllerIntegrationTest        : Starting UserControllerIntegrationTest using Java 17.0.12 on DESKTOP-0EQMR3K with PID 4900 (started by DESKTOP-0EQMR3K$ in C:\Users\lenovo\IdeaProjects\WestCast)
2026-01-03 18:12:36.870  INFO 4900 --- [           main] m.c.UserControllerIntegrationTest        : No active profile set, falling back to 1 default profile: "default"
2026-01-03 18:12:38.673  INFO 4900 --- [           main] .s.d.r.c.RepositoryConfigurationDelegate : Bootstrapping Spring Data JPA repositories in DEFAULT mode.
2026-01-03 18:12:38.795  INFO 4900 --- [           main] .s.d.r.c.RepositoryConfigurationDelegate : Finished Spring Data repository scanning in 105 ms. Found 1 JPA repository interfaces.
2026-01-03 18:12:39.950  INFO 4900 --- [           main] com.zaxxer.hikari.HikariDataSource       : HikariPool-1 - Starting...
2026-01-03 18:12:40.307  INFO 4900 --- [           main] com.zaxxer.hikari.HikariDataSource       : HikariPool-1 - Start completed.
2026-01-03 18:12:40.437  INFO 4900 --- [           main] o.hibernate.jpa.internal.util.LogHelper  : HHH000204: Processing PersistenceUnitInfo [name: default]
2026-01-03 18:12:40.514  INFO 4900 --- [           main] org.hibernate.Version                    : HHH000412: Hibernate ORM core version 5.6.15.Final
2026-01-03 18:12:40.764  INFO 4900 --- [           main] o.hibernate.annotations.common.Version   : HCANN000001: Hibernate Commons Annotations {5.1.2.Final}
2026-01-03 18:12:40.983  INFO 4900 --- [           main] org.hibernate.dialect.Dialect            : HHH000400: Using dialect: org.hibernate.dialect.H2Dialect
2026-01-03 18:12:41.869  INFO 4900 --- [           main] o.h.e.t.j.p.i.JtaPlatformInitiator       : HHH000490: Using JtaPlatform implementation: [org.hibernate.engine.transaction.jta.platform.internal.NoJtaPlatform]
2026-01-03 18:12:41.881  INFO 4900 --- [           main] j.LocalContainerEntityManagerFactoryBean : Initialized JPA EntityManagerFactory for persistence unit 'default'
2026-01-03 18:12:42.657  WARN 4900 --- [           main] .s.s.UserDetailsServiceAutoConfiguration : 

Using generated security password: ef73774c-4806-4552-a398-99299cb8abec

This generated password is for development use only. Your security configuration must be updated before running your application in production.

2026-01-03 18:12:43.008  INFO 4900 --- [           main] o.s.s.web.DefaultSecurityFilterChain     : Will secure any request with [org.springframework.security.web.session.DisableEncodeUrlFilter@4a86be01, org.springframework.security.web.context.request.async.WebAsyncManagerIntegrationFilter@3cae4518, org.springframework.security.web.context.SecurityContextPersistenceFilter@79349b61, org.springframework.security.web.header.HeaderWriterFilter@7f02b2d4, org.springframework.security.web.authentication.logout.LogoutFilter@5bb3dee7, application.security.JwtFilter@2cd52eda, org.springframework.security.web.savedrequest.RequestCacheAwareFilter@42c55978, org.springframework.security.web.servletapi.SecurityContextHolderAwareRequestFilter@690e4b00, org.springframework.security.web.authentication.AnonymousAuthenticationFilter@5a654e05, org.springframework.security.web.session.SessionManagementFilter@4b5cdd07, org.springframework.security.web.access.ExceptionTranslationFilter@73db7df0, org.springframework.security.web.access.intercept.FilterSecurityInterceptor@6d0a4a22]
2026-01-03 18:12:43.438  WARN 4900 --- [           main] JpaBaseConfiguration$JpaWebConfiguration : spring.jpa.open-in-view is enabled by default. Therefore, database queries may be performed during view rendering. Explicitly configure spring.jpa.open-in-view to disable this warning
2026-01-03 18:12:44.680  INFO 4900 --- [           main] o.s.b.t.m.w.SpringBootMockServletContext : Initializing Spring TestDispatcherServlet ''
2026-01-03 18:12:44.680  INFO 4900 --- [           main] o.s.t.web.servlet.TestDispatcherServlet  : Initializing Servlet ''
2026-01-03 18:12:44.682  INFO 4900 --- [           main] o.s.t.web.servlet.TestDispatcherServlet  : Completed initialization in 2 ms
2026-01-03 18:12:44.714  INFO 4900 --- [           main] m.c.UserControllerIntegrationTest        : Started UserControllerIntegrationTest in 8.629 seconds (JVM running for 11.443)
Raw login response: login is successful! your token is: eyJhbGciOiJIUzI1NiJ9.eyJzdWIiOiJlbmVzMTc2NzQ1MzE2NTA1MyIsImlhdCI6MTc2NzQ1MzE2NSwiZXhwIjoxNzY3NDU2NzY1fQ.1T3prSnTHnKAv790II4YYVSaoti7LaY1v6nAznUbD2c
Extracted token: eyJhbGciOiJIUzI1NiJ9.eyJzdWIiOiJlbmVzMTc2NzQ1MzE2NTA1MyIsImlhdCI6MTc2NzQ1MzE2NSwiZXhwIjoxNzY3NDU2NzY1fQ.1T3prSnTHnKAv790II4YYVSaoti7LaY1v6nAznUbD2c
]]></system-out>
  </testcase>
  <testcase name="testRateMovie" classname="main.controller.UserControllerIntegrationTest" time="0.031">
    <system-out><![CDATA[Raw login response: login is successful! your token is: eyJhbGciOiJIUzI1NiJ9.eyJzdWIiOiJlbmVzMTc2NzQ1MzE2NTc0OCIsImlhdCI6MTc2NzQ1MzE2NSwiZXhwIjoxNzY3NDU2NzY1fQ.2R-BOSVtGHErrmFWw1WS3zRqLH8TvQPUrUcPyezI3ZA
Extracted token: eyJhbGciOiJIUzI1NiJ9.eyJzdWIiOiJlbmVzMTc2NzQ1MzE2NTc0OCIsImlhdCI6MTc2NzQ1MzE2NSwiZXhwIjoxNzY3NDU2NzY1fQ.2R-BOSVtGHErrmFWw1WS3zRqLH8TvQPUrUcPyezI3ZA
]]></system-out>
  </testcase>
</testsuite>