<?xml version="1.0" encoding="UTF-8"?>
<testsuite xmlns:xsi="http://www.w3.org/2001/XMLSchema-instance" xsi:noNamespaceSchemaLocation="https://maven.apache.org/surefire/maven-failsafe-plugin/xsd/failsafe-test-report-3.0.xsd" version="3.0" name="main.controller.UserControllerIT" time="13.275" tests="6" errors="0" skipped="0" failures="0">
  <properties>
[...]
</properties>
  <testcase name="testLogin_shouldSucceed" classname="main.controller.UserControllerIT" time="1.433">
    <system-out><![CDATA[02:06:38.773 [main] DEBUG org.springframework.test.context.BootstrapUtils - Instantiating CacheAwareContextLoaderDelegate from class [org.springframework.test.context.cache.DefaultCacheAwareContextLoaderDelegate]
02:06:38.792 [main] DEBUG org.springframework.test.context.BootstrapUtils - Instantiating BootstrapContext using constructor [public org.springframework.test.context.support.DefaultBootstrapContext(java.lang.Class,org.springframework.test.context.CacheAwareContextLoaderDelegate)]
02:06:38.870 [main] DEBUG org.springframework.test.context.BootstrapUtils - Instantiating TestContextBootstrapper for test class [main.controller.UserControllerIT] from class [org.springframework.boot.test.context.SpringBootTestContextBootstrapper]
02:06:38.894 [main] INFO org.springframework.boot.test.context.SpringBootTestContextBootstrapper - Neither @ContextConfiguration nor @ContextHierarchy found for test class [main.controller.UserControllerIT], using SpringBootContextLoader
02:06:38.900 [main] DEBUG org.springframework.test.context.support.AbstractContextLoader - Did not detect default resource location for test class [main.controller.UserControllerIT]: class path resource [main/controller/UserControllerIT-context.xml] does not exist
02:06:38.901 [main] DEBUG org.springframework.test.context.support.AbstractContextLoader - Did not detect default resource location for test class [main.controller.UserControllerIT]: class path resource [main/controller/UserControllerITContext.groovy] does not exist
02:06:38.901 [main] INFO org.springframework.test.context.support.AbstractContextLoader - Could not detect default resource locations for test class [main.controller.UserControllerIT]: no resource found for suffixes {-context.xml, Context.groovy}.
02:06:39.032 [main] DEBUG org.springframework.test.context.support.ActiveProfilesUtils - Could not find an 'annotation declaring class' for annotation type [org.springframework.test.context.ActiveProfiles] and class [main.controller.UserControllerIT]
02:06:39.250 [main] DEBUG org.springframework.boot.test.context.SpringBootTestContextBootstrapper - @TestExecutionListeners is not present for class [main.controller.UserControllerIT]: using defaults.
02:06:39.251 [main] INFO org.springframework.boot.test.context.SpringBootTestContextBootstrapper - Loaded default TestExecutionListener class names from location [META-INF/spring.factories]: [org.springframework.boot.test.mock.mockito.MockitoTestExecutionListener, org.springframework.boot.test.mock.mockito.ResetMocksTestExecutionListener, org.springframework.boot.test.autoconfigure.restdocs.RestDocsTestExecutionListener, org.springframework.boot.test.autoconfigure.web.client.MockRestServiceServerResetTestExecutionListener, org.springframework.boot.test.autoconfigure.web.servlet.MockMvcPrintOnlyOnFailureTestExecutionListener, org.springframework.boot.test.autoconfigure.web.servlet.WebDriverTestExecutionListener, org.springframework.boot.test.autoconfigure.webservices.client.MockWebServiceServerTestExecutionListener, org.springframework.test.context.web.ServletTestExecutionListener, org.springframework.test.context.support.DirtiesContextBeforeModesTestExecutionListener, org.springframework.test.context.event.ApplicationEventsTestExecutionListener, org.springframework.test.context.support.DependencyInjectionTestExecutionListener, org.springframework.test.context.support.DirtiesContextTestExecutionListener, org.springframework.test.context.transaction.TransactionalTestExecutionListener, org.springframework.test.context.jdbc.SqlScriptsTestExecutionListener, org.springframework.test.context.event.EventPublishingTestExecutionListener]
02:06:39.283 [main] INFO org.springframework.boot.test.context.SpringBootTestContextBootstrapper - Using TestExecutionListeners: [org.springframework.test.context.web.ServletTestExecutionListener@253d9f73, org.springframework.test.context.support.DirtiesContextBeforeModesTestExecutionListener@142269f2, org.springframework.test.context.event.ApplicationEventsTestExecutionListener@331acdad, org.springframework.boot.test.mock.mockito.MockitoTestExecutionListener@41d426b5, org.springframework.boot.test.autoconfigure.SpringBootDependencyInjectionTestExecutionListener@8dbfffb, org.springframework.test.context.support.DirtiesContextTestExecutionListener@f316aeb, org.springframework.test.context.transaction.TransactionalTestExecutionListener@6aa3a905, org.springframework.test.context.jdbc.SqlScriptsTestExecutionListener@a22cb6a, org.springframework.test.context.event.EventPublishingTestExecutionListener@5dd1c9f2, org.springframework.boot.test.mock.mockito.ResetMocksTestExecutionListener@59b38691, org.springframework.boot.test.autoconfigure.restdocs.RestDocsTestExecutionListener@2e2ff723, org.springframework.boot.test.autoconfigure.web.client.MockRestServiceServerResetTestExecutionListener@324a0017, org.springframework.boot.test.autoconfigure.web.servlet.MockMvcPrintOnlyOnFailureTestExecutionListener@6187d1f5, org.springframework.boot.test.autoconfigure.web.servlet.WebDriverTestExecutionListener@2445445a, org.springframework.boot.test.autoconfigure.webservices.client.MockWebServiceServerTestExecutionListener@7502291e]
02:06:39.290 [main] DEBUG org.springframework.test.context.support.AbstractDirtiesContextTestExecutionListener - Before test class: context [DefaultTestContext@45fd9a4d testClass = UserControllerIT, testInstance = [null], testMethod = [null], testException = [null], mergedContextConfiguration = [WebMergedContextConfiguration@50468873 testClass = UserControllerIT, locations = '{}', classes = '{class application.WestCastApplication}', contextInitializerClasses = '[]', activeProfiles = '{}', propertySourceLocations = '{}', propertySourceProperties = '{org.springframework.boot.test.context.SpringBootTestContextBootstrapper=true}', contextCustomizers = set[[ImportsContextCustomizer@146587a2 key = [org.springframework.boot.test.autoconfigure.web.servlet.MockMvcWebDriverAutoConfiguration, org.springframework.boot.test.autoconfigure.web.servlet.MockMvcAutoConfiguration, org.springframework.boot.autoconfigure.security.oauth2.client.servlet.OAuth2ClientAutoConfiguration, org.springframework.boot.autoconfigure.security.servlet.SecurityAutoConfiguration, org.springframework.boot.autoconfigure.security.servlet.SecurityFilterAutoConfiguration, org.springframework.boot.autoconfigure.security.servlet.UserDetailsServiceAutoConfiguration, org.springframework.boot.autoconfigure.security.oauth2.resource.servlet.OAuth2ResourceServerAutoConfiguration, org.springframework.boot.test.autoconfigure.web.servlet.MockMvcSecurityConfiguration, org.springframework.boot.test.autoconfigure.web.servlet.MockMvcWebClientAutoConfiguration, org.springframework.boot.test.autoconfigure.web.reactive.WebTestClientAutoConfiguration]], org.springframework.boot.test.context.filter.ExcludeFilterContextCustomizer@1e16c0aa, org.springframework.boot.test.json.DuplicateJsonObjectContextCustomizerFactory$DuplicateJsonObjectContextCustomizer@5e3f861, org.springframework.boot.test.mock.mockito.MockitoContextCustomizer@0, org.springframework.boot.test.web.client.TestRestTemplateContextCustomizer@461ad730, org.springframework.boot.test.autoconfigure.actuate.metrics.MetricsExportContextCustomizerFactory$DisableMetricExportContextCustomizer@5167f57d, org.springframework.boot.test.autoconfigure.properties.PropertyMappingContextCustomizer@4b3fa0b3, org.springframework.boot.test.autoconfigure.web.servlet.WebDriverContextCustomizerFactory$Customizer@41488b16, org.springframework.boot.test.context.SpringBootTestArgs@1, org.springframework.boot.test.context.SpringBootTestWebEnvironment@4d826d77], resourceBasePath = 'src/main/webapp', contextLoader = 'org.springframework.boot.test.context.SpringBootContextLoader', parent = [null]], attributes = map['org.springframework.test.context.web.ServletTestExecutionListener.activateListener' -> true]], class annotated with @DirtiesContext [false] with mode [null].

  .   ____          _            __ _ _
 /\\ / ___'_ __ _ _(_)_ __  __ _ \ \ \ \
( ( )\___ | '_ | '_| | '_ \/ _` | \ \ \ \
 \\/  ___)| |_)| | | | | || (_| |  ) ) ) )
  '  |____| .__|_| |_|_| |_\__, | / / / /
 =========|_|==============|___/=/_/_/_/
 :: Spring Boot ::               (v2.7.17)

2026-01-12 02:06:39 INFO  main.controller.UserControllerIT - Starting UserControllerIT using Java 17.0.12 on DESKTOP-0EQMR3K with PID 4884 (started by lenovo in C:\Users\lenovo\IdeaProjects\WestCast)
2026-01-12 02:06:39 INFO  main.controller.UserControllerIT - No active profile set, falling back to 1 default profile: "default"
2026-01-12 02:06:41 INFO  o.s.d.r.c.RepositoryConfigurationDelegate - Bootstrapping Spring Data JPA repositories in DEFAULT mode.
2026-01-12 02:06:41 INFO  o.s.d.r.c.RepositoryConfigurationDelegate - Finished Spring Data repository scanning in 90 ms. Found 1 JPA repository interfaces.
2026-01-12 02:06:43 INFO  o.h.jpa.internal.util.LogHelper - HHH000204: Processing PersistenceUnitInfo [name: default]
2026-01-12 02:06:44 INFO  org.hibernate.Version - HHH000412: Hibernate ORM core version 5.6.15.Final
2026-01-12 02:06:44 INFO  o.h.annotations.common.Version - HCANN000001: Hibernate Commons Annotations {5.1.2.Final}
2026-01-12 02:06:44 INFO  com.zaxxer.hikari.HikariDataSource - HikariPool-1 - Starting...
2026-01-12 02:06:45 INFO  com.zaxxer.hikari.HikariDataSource - HikariPool-1 - Start completed.
2026-01-12 02:06:45 INFO  org.hibernate.dialect.Dialect - HHH000400: Using dialect: org.hibernate.dialect.H2Dialect
2026-01-12 02:06:46 DEBUG org.hibernate.SQL - drop table if exists users CASCADE 
Hibernate: drop table if exists users CASCADE 
2026-01-12 02:06:46 DEBUG org.hibernate.SQL - create table users (id bigint generated by default as identity, password varchar(255), user_name varchar(255), primary key (id))
Hibernate: create table users (id bigint generated by default as identity, password varchar(255), user_name varchar(255), primary key (id))
2026-01-12 02:06:46 INFO  o.h.e.t.j.p.i.JtaPlatformInitiator - HHH000490: Using JtaPlatform implementation: [org.hibernate.engine.transaction.jta.platform.internal.NoJtaPlatform]
2026-01-12 02:06:46 INFO  o.s.o.j.LocalContainerEntityManagerFactoryBean - Initialized JPA EntityManagerFactory for persistence unit 'default'
2026-01-12 02:06:47 WARN  o.s.b.a.s.s.UserDetailsServiceAutoConfiguration - 

Using generated security password: 75528419-1600-4536-87d5-2a8c48c8a0a8

This generated password is for development use only. Your security configuration must be updated before running your application in production.

2026-01-12 02:06:47 INFO  o.s.s.web.DefaultSecurityFilterChain - Will secure any request with [org.springframework.security.web.session.DisableEncodeUrlFilter@3b50f432, org.springframework.security.web.context.request.async.WebAsyncManagerIntegrationFilter@3fe5ad73, org.springframework.security.web.context.SecurityContextPersistenceFilter@776a7ec6, org.springframework.security.web.header.HeaderWriterFilter@6fe9c048, org.springframework.security.web.authentication.logout.LogoutFilter@1942a36e, application.security.JwtFilter@33bfe6d3, org.springframework.security.web.savedrequest.RequestCacheAwareFilter@726d8fa0, org.springframework.security.web.servletapi.SecurityContextHolderAwareRequestFilter@56554365, org.springframework.security.web.authentication.AnonymousAuthenticationFilter@f83d121, org.springframework.security.web.session.SessionManagementFilter@54530644, org.springframework.security.web.access.ExceptionTranslationFilter@66d61298, org.springframework.security.web.access.intercept.FilterSecurityInterceptor@3e5b2630]
2026-01-12 02:06:48 WARN  o.s.b.a.o.j.JpaBaseConfiguration$JpaWebConfiguration - spring.jpa.open-in-view is enabled by default. Therefore, database queries may be performed during view rendering. Explicitly configure spring.jpa.open-in-view to disable this warning
2026-01-12 02:06:48 INFO  o.s.b.a.h.H2ConsoleAutoConfiguration - H2 console available at '/h2-console'. Database available at 'jdbc:h2:mem:testdb'
2026-01-12 02:06:49 INFO  o.s.b.t.m.w.SpringBootMockServletContext - Initializing Spring TestDispatcherServlet ''
2026-01-12 02:06:49 INFO  o.s.t.w.s.TestDispatcherServlet - Initializing Servlet ''
2026-01-12 02:06:49 INFO  o.s.t.w.s.TestDispatcherServlet - Completed initialization in 2 ms
2026-01-12 02:06:49 INFO  main.controller.UserControllerIT - Started UserControllerIT in 10.628 seconds (JVM running for 12.562)
2026-01-12 02:06:51 DEBUG org.hibernate.SQL - select user0_.id as id1_0_, user0_.password as password2_0_, user0_.user_name as user_nam3_0_ from users user0_ where user0_.user_name=?
Hibernate: select user0_.id as id1_0_, user0_.password as password2_0_, user0_.user_name as user_nam3_0_ from users user0_ where user0_.user_name=?
2026-01-12 02:06:51 DEBUG org.hibernate.SQL - insert into users (id, password, user_name) values (default, ?, ?)
Hibernate: insert into users (id, password, user_name) values (default, ?, ?)
2026-01-12 02:06:51 DEBUG org.hibernate.SQL - select user0_.id as id1_0_, user0_.password as password2_0_, user0_.user_name as user_nam3_0_ from users user0_ where user0_.user_name=?
Hibernate: select user0_.id as id1_0_, user0_.password as password2_0_, user0_.user_name as user_nam3_0_ from users user0_ where user0_.user_name=?
2026-01-12 02:06:51 DEBUG org.hibernate.SQL - select user0_.id as id1_0_, user0_.password as password2_0_, user0_.user_name as user_nam3_0_ from users user0_ where user0_.user_name=?
Hibernate: select user0_.id as id1_0_, user0_.password as password2_0_, user0_.user_name as user_nam3_0_ from users user0_ where user0_.user_name=?
2026-01-12 02:06:51 DEBUG org.hibernate.SQL - insert into users (id, password, user_name) values (default, ?, ?)
Hibernate: insert into users (id, password, user_name) values (default, ?, ?)
2026-01-12 02:06:51 DEBUG org.hibernate.SQL - select user0_.id as id1_0_, user0_.password as password2_0_, user0_.user_name as user_nam3_0_ from users user0_ where user0_.user_name=?
Hibernate: select user0_.id as id1_0_, user0_.password as password2_0_, user0_.user_name as user_nam3_0_ from users user0_ where user0_.user_name=?
]]></system-out>
  </testcase>
  <testcase name="testSearchMovie" classname="main.controller.UserControllerIT" time="0.198">
    <system-out><![CDATA[2026-01-12 02:06:51 DEBUG org.hibernate.SQL - select user0_.id as id1_0_, user0_.password as password2_0_, user0_.user_name as user_nam3_0_ from users user0_ where user0_.user_name=?
Hibernate: select user0_.id as id1_0_, user0_.password as password2_0_, user0_.user_name as user_nam3_0_ from users user0_ where user0_.user_name=?
2026-01-12 02:06:51 DEBUG org.hibernate.SQL - insert into users (id, password, user_name) values (default, ?, ?)
Hibernate: insert into users (id, password, user_name) values (default, ?, ?)
2026-01-12 02:06:51 DEBUG org.hibernate.SQL - select user0_.id as id1_0_, user0_.password as password2_0_, user0_.user_name as user_nam3_0_ from users user0_ where user0_.user_name=?
Hibernate: select user0_.id as id1_0_, user0_.password as password2_0_, user0_.user_name as user_nam3_0_ from users user0_ where user0_.user_name=?
]]></system-out>
  </testcase>
  <testcase name="testSignUpWithExistingUser_shouldFail" classname="main.controller.UserControllerIT" time="0.043">
    <system-out><![CDATA[2026-01-12 02:06:51 DEBUG org.hibernate.SQL - select user0_.id as id1_0_, user0_.password as password2_0_, user0_.user_name as user_nam3_0_ from users user0_ where user0_.user_name=?
Hibernate: select user0_.id as id1_0_, user0_.password as password2_0_, user0_.user_name as user_nam3_0_ from users user0_ where user0_.user_name=?
2026-01-12 02:06:51 DEBUG org.hibernate.SQL - insert into users (id, password, user_name) values (default, ?, ?)
Hibernate: insert into users (id, password, user_name) values (default, ?, ?)
2026-01-12 02:06:51 DEBUG org.hibernate.SQL - select user0_.id as id1_0_, user0_.password as password2_0_, user0_.user_name as user_nam3_0_ from users user0_ where user0_.user_name=?
Hibernate: select user0_.id as id1_0_, user0_.password as password2_0_, user0_.user_name as user_nam3_0_ from users user0_ where user0_.user_name=?
2026-01-12 02:06:51 DEBUG org.hibernate.SQL - select user0_.id as id1_0_, user0_.password as password2_0_, user0_.user_name as user_nam3_0_ from users user0_ where user0_.user_name=?
Hibernate: select user0_.id as id1_0_, user0_.password as password2_0_, user0_.user_name as user_nam3_0_ from users user0_ where user0_.user_name=?
2026-01-12 02:06:51 DEBUG org.hibernate.SQL - insert into users (id, password, user_name) values (default, ?, ?)
Hibernate: insert into users (id, password, user_name) values (default, ?, ?)
2026-01-12 02:06:51 DEBUG org.hibernate.SQL - select user0_.id as id1_0_, user0_.password as password2_0_, user0_.user_name as user_nam3_0_ from users user0_ where user0_.user_name=?
Hibernate: select user0_.id as id1_0_, user0_.password as password2_0_, user0_.user_name as user_nam3_0_ from users user0_ where user0_.user_name=?
]]></system-out>
  </testcase>
  <testcase name="testRateMovie" classname="main.controller.UserControllerIT" time="0.04">
    <system-out><![CDATA[2026-01-12 02:06:51 DEBUG org.hibernate.SQL - select user0_.id as id1_0_, user0_.password as password2_0_, user0_.user_name as user_nam3_0_ from users user0_ where user0_.user_name=?
Hibernate: select user0_.id as id1_0_, user0_.password as password2_0_, user0_.user_name as user_nam3_0_ from users user0_ where user0_.user_name=?
2026-01-12 02:06:51 DEBUG org.hibernate.SQL - insert into users (id, password, user_name) values (default, ?, ?)
Hibernate: insert into users (id, password, user_name) values (default, ?, ?)
2026-01-12 02:06:51 DEBUG org.hibernate.SQL - select user0_.id as id1_0_, user0_.password as password2_0_, user0_.user_name as user_nam3_0_ from users user0_ where user0_.user_name=?
Hibernate: select user0_.id as id1_0_, user0_.password as password2_0_, user0_.user_name as user_nam3_0_ from users user0_ where user0_.user_name=?
]]></system-out>
  </testcase>
  <testcase name="testSignUpWithNewUser_shouldSucceed" classname="main.controller.UserControllerIT" time="0.035">
    <system-out><![CDATA[2026-01-12 02:06:51 DEBUG org.hibernate.SQL - select user0_.id as id1_0_, user0_.password as password2_0_, user0_.user_name as user_nam3_0_ from users user0_ where user0_.user_name=?
Hibernate: select user0_.id as id1_0_, user0_.password as password2_0_, user0_.user_name as user_nam3_0_ from users user0_ where user0_.user_name=?
2026-01-12 02:06:51 DEBUG org.hibernate.SQL - insert into users (id, password, user_name) values (default, ?, ?)
Hibernate: insert into users (id, password, user_name) values (default, ?, ?)
2026-01-12 02:06:51 DEBUG org.hibernate.SQL - select user0_.id as id1_0_, user0_.password as password2_0_, user0_.user_name as user_nam3_0_ from users user0_ where user0_.user_name=?
Hibernate: select user0_.id as id1_0_, user0_.password as password2_0_, user0_.user_name as user_nam3_0_ from users user0_ where user0_.user_name=?
2026-01-12 02:06:51 DEBUG org.hibernate.SQL - select user0_.id as id1_0_, user0_.password as password2_0_, user0_.user_name as user_nam3_0_ from users user0_ where user0_.user_name=?
Hibernate: select user0_.id as id1_0_, user0_.password as password2_0_, user0_.user_name as user_nam3_0_ from users user0_ where user0_.user_name=?
2026-01-12 02:06:51 DEBUG org.hibernate.SQL - insert into users (id, password, user_name) values (default, ?, ?)
Hibernate: insert into users (id, password, user_name) values (default, ?, ?)
]]></system-out>
  </testcase>
  <testcase name="testSignUpLoginAndSearchFlow" classname="main.controller.UserControllerIT" time="0.079">
    <system-out><![CDATA[2026-01-12 02:06:51 DEBUG org.hibernate.SQL - select user0_.id as id1_0_, user0_.password as password2_0_, user0_.user_name as user_nam3_0_ from users user0_ where user0_.user_name=?
Hibernate: select user0_.id as id1_0_, user0_.password as password2_0_, user0_.user_name as user_nam3_0_ from users user0_ where user0_.user_name=?
2026-01-12 02:06:51 DEBUG org.hibernate.SQL - insert into users (id, password, user_name) values (default, ?, ?)
Hibernate: insert into users (id, password, user_name) values (default, ?, ?)
2026-01-12 02:06:51 DEBUG org.hibernate.SQL - select user0_.id as id1_0_, user0_.password as password2_0_, user0_.user_name as user_nam3_0_ from users user0_ where user0_.user_name=?
Hibernate: select user0_.id as id1_0_, user0_.password as password2_0_, user0_.user_name as user_nam3_0_ from users user0_ where user0_.user_name=?
2026-01-12 02:06:51 DEBUG org.hibernate.SQL - select user0_.id as id1_0_, user0_.password as password2_0_, user0_.user_name as user_nam3_0_ from users user0_ where user0_.user_name=?
Hibernate: select user0_.id as id1_0_, user0_.password as password2_0_, user0_.user_name as user_nam3_0_ from users user0_ where user0_.user_name=?
2026-01-12 02:06:51 DEBUG org.hibernate.SQL - insert into users (id, password, user_name) values (default, ?, ?)
Hibernate: insert into users (id, password, user_name) values (default, ?, ?)
2026-01-12 02:06:51 DEBUG org.hibernate.SQL - select user0_.id as id1_0_, user0_.password as password2_0_, user0_.user_name as user_nam3_0_ from users user0_ where user0_.user_name=?
Hibernate: select user0_.id as id1_0_, user0_.password as password2_0_, user0_.user_name as user_nam3_0_ from users user0_ where user0_.user_name=?
]]></system-out>
  </testcase>
</testsuite>